!SESSION 2019-03-28 11:06:27.029 -----------------------------------------------
eclipse.buildId=unknown
java.version=1.8.0_144
java.vendor=Oracle Corporation
BootLoader constants: OS=win32, ARCH=x86_64, WS=win32, NL=en_US
Command-line arguments:  -os win32 -ws win32 -arch x86_64

!ENTRY org.eclipse.egit.ui 2 0 2019-03-28 11:07:27.372
!MESSAGE Warning: The environment variable HOME is not set. The following directory will be used to store the Git
user global configuration and to define the default location to store repositories: 'C:\Users\ravi'. If this is
not correct please set the HOME environment variable and restart Eclipse. Otherwise Git for Windows and
EGit might behave differently since they see different configuration options.
This warning can be switched off on the Team > Git > Confirmations and Warnings preference page.

!ENTRY org.brainwy.liclipsetext.shared_core 4 4 2019-03-28 11:07:28.950
!MESSAGE C:\Program Files\Brainwy\LiClipse 5.1.3\plugins\com.brainwy.liclipse.editor_5.1.3.201811082122\etc\4qmvtyrr78te7rv5njugg6x70 (The system cannot find the path specified)
!STACK 0
java.io.FileNotFoundException: C:\Program Files\Brainwy\LiClipse 5.1.3\plugins\com.brainwy.liclipse.editor_5.1.3.201811082122\etc\4qmvtyrr78te7rv5njugg6x70 (The system cannot find the path specified)
	at java.io.FileOutputStream.open0(Native Method)
	at java.io.FileOutputStream.open(FileOutputStream.java:270)
	at java.io.FileOutputStream.<init>(FileOutputStream.java:213)
	at java.io.FileOutputStream.<init>(FileOutputStream.java:162)
	at org.brainwy.liclipsetext.shared_core.io.FileUtils.writeBytesToFile(FileUtils.java:140)
	at org.brainwy.liclipsetext.shared_core.io.FileUtils.writeStrToFile(FileUtils.java:133)
	at com.brainwy.liclipse.editor.lic.CheckRegistered.run(CheckRegistered.java:146)
!SESSION 2019-03-28 11:07:39.344 -----------------------------------------------
eclipse.buildId=unknown
java.version=1.8.0_144
java.vendor=Oracle Corporation
BootLoader constants: OS=win32, ARCH=x86_64, WS=win32, NL=en_US
Command-line arguments:  -os win32 -ws win32 -arch x86_64

!ENTRY org.eclipse.egit.ui 2 0 2019-03-28 11:07:57.142
!MESSAGE Warning: The environment variable HOME is not set. The following directory will be used to store the Git
user global configuration and to define the default location to store repositories: 'C:\Users\ravi'. If this is
not correct please set the HOME environment variable and restart Eclipse. Otherwise Git for Windows and
EGit might behave differently since they see different configuration options.
This warning can be switched off on the Team > Git > Confirmations and Warnings preference page.

!ENTRY org.brainwy.liclipsetext.shared_core 4 4 2019-03-28 11:07:58.985
!MESSAGE C:\Program Files\Brainwy\LiClipse 5.1.3\plugins\com.brainwy.liclipse.editor_5.1.3.201811082122\etc\4qmvtyrr78te7rv5njugg6x70 (The system cannot find the path specified)
!STACK 0
java.io.FileNotFoundException: C:\Program Files\Brainwy\LiClipse 5.1.3\plugins\com.brainwy.liclipse.editor_5.1.3.201811082122\etc\4qmvtyrr78te7rv5njugg6x70 (The system cannot find the path specified)
	at java.io.FileOutputStream.open0(Native Method)
	at java.io.FileOutputStream.open(FileOutputStream.java:270)
	at java.io.FileOutputStream.<init>(FileOutputStream.java:213)
	at java.io.FileOutputStream.<init>(FileOutputStream.java:162)
	at org.brainwy.liclipsetext.shared_core.io.FileUtils.writeBytesToFile(FileUtils.java:140)
	at org.brainwy.liclipsetext.shared_core.io.FileUtils.writeStrToFile(FileUtils.java:133)
	at com.brainwy.liclipse.editor.lic.CheckRegistered.run(CheckRegistered.java:146)

!ENTRY org.python.pydev.shared_core 1 1 2019-03-28 11:08:25.329
!MESSAGE - Ok, file is non-null. Getting info on:C:\Users\ravi\AppData\Local\Programs\Python\Python37-32\python.exe
- Beggining task:Getting libs totalWork:100
- Setting task name:Mounting executable string...
- Setting task name:Executing:  C:\Users\ravi\AppData\Local\Programs\Python\Python37-32\python.exe -u "C:\Program Files\Brainwy\LiClipse 5.1.3\plugins\org.python.pydev.core_7.0.3.201811082122\pysrc\interpreterInfo.py"
- Setting task name:Making pythonpath environment... C:\Users\ravi\AppData\Local\Programs\Python\Python37-32\python.exe -u "C:\Program Files\Brainwy\LiClipse 5.1.3\plugins\org.python.pydev.core_7.0.3.201811082122\pysrc\interpreterInfo.py"
- Setting task name:Making exec... C:\Users\ravi\AppData\Local\Programs\Python\Python37-32\python.exe -u "C:\Program Files\Brainwy\LiClipse 5.1.3\plugins\org.python.pydev.core_7.0.3.201811082122\pysrc\interpreterInfo.py"
- Setting task name:Reading output...
- Setting task name:Waiting for process to finish.
- Setting task name:Process finished.
- Success getting the info. Result:<xml>
<name>python</name>
<version>3.7</version>
<executable>C:\Users\ravi\AppData\Local\Programs\Python\Python37-32\python.exe</executable>
<lib>C:\Users\ravi\AppData\Local\Programs\Python\Python37-32\DLLs</lib>
<lib>C:\Users\ravi\AppData\Local\Programs\Python\Python37-32\lib</lib>
<lib>C:\Users\ravi\AppData\Local\Programs\Python\Python37-32</lib>
<lib>C:\Users\ravi\AppData\Local\Programs\Python\Python37-32\lib\site-packages</lib>
<lib>C:\Users\ravi\AppData\Local\Programs\Python\Python37-32\lib\site-packages\win32</lib>
<lib>C:\Users\ravi\AppData\Local\Programs\Python\Python37-32\lib\site-packages\win32\lib</lib>
<lib>C:\Users\ravi\AppData\Local\Programs\Python\Python37-32\lib\site-packages\Pythonwin</lib>
<forced_lib>Image</forced_lib>
<forced_lib>OpenGL</forced_lib>
<forced_lib>_abc</forced_lib>
<forced_lib>_ast</forced_lib>
<forced_lib>_bisect</forced_lib>
<forced_lib>_blake2</forced_lib>
<forced_lib>_bytesio</forced_lib>
<forced_lib>_codecs</forced_lib>
<forced_lib>_codecs_cn</forced_lib>
<forced_lib>_codecs_hk</forced_lib>
<forced_lib>_codecs_iso2022</forced_lib>
<forced_lib>_codecs_jp</forced_lib>
<forced_lib>_codecs_kr</forced_lib>
<forced_lib>_codecs_tw</forced_lib>
<forced_lib>_collections</forced_lib>
<forced_lib>_csv</forced_lib>
<forced_lib>_datetime</forced_lib>
<forced_lib>_fileio</forced_lib>
<forced_lib>_functools</forced_lib>
<forced_lib>_heapq</forced_lib>
<forced_lib>_hotshot</forced_lib>
<forced_lib>_imp</forced_lib>
<forced_lib>_io</forced_lib>
<forced_lib>_json</forced_lib>
<forced_lib>_locale</forced_lib>
<forced_lib>_lsprof</forced_lib>
<forced_lib>_md5</forced_lib>
<forced_lib>_multibytecodec</forced_lib>
<forced_lib>_opcode</forced_lib>
<forced_lib>_operator</forced_lib>
<forced_lib>_pickle</forced_lib>
<forced_lib>_random</forced_lib>
<forced_lib>_sha</forced_lib>
<forced_lib>_sha1</forced_lib>
<forced_lib>_sha256</forced_lib>
<forced_lib>_sha3</forced_lib>
<forced_lib>_sha512</forced_lib>
<forced_lib>_signal</forced_lib>
<forced_lib>_sre</forced_lib>
<forced_lib>_stat</forced_lib>
<forced_lib>_string</forced_lib>
<forced_lib>_struct</forced_lib>
<forced_lib>_subprocess</forced_lib>
<forced_lib>_symtable</forced_lib>
<forced_lib>_thread</forced_lib>
<forced_lib>_tracemalloc</forced_lib>
<forced_lib>_warnings</forced_lib>
<forced_lib>_weakref</forced_lib>
<forced_lib>_winapi</forced_lib>
<forced_lib>_winreg</forced_lib>
<forced_lib>array</forced_lib>
<forced_lib>atexit</forced_lib>
<forced_lib>audioop</forced_lib>
<forced_lib>binascii</forced_lib>
<forced_lib>builtins</forced_lib>
<forced_lib>cPickle</forced_lib>
<forced_lib>cStringIO</forced_lib>
<forced_lib>cmath</forced_lib>
<forced_lib>cv2</forced_lib>
<forced_lib>datetime</forced_lib>
<forced_lib>email</forced_lib>
<forced_lib>errno</forced_lib>
<forced_lib>exceptions</forced_lib>
<forced_lib>faulthandler</forced_lib>
<forced_lib>future_builtins</forced_lib>
<forced_lib>gc</forced_lib>
<forced_lib>gi</forced_lib>
<forced_lib>hashlib</forced_lib>
<forced_lib>imageop</forced_lib>
<forced_lib>imp</forced_lib>
<forced_lib>itertools</forced_lib>
<forced_lib>marshal</forced_lib>
<forced_lib>math</forced_lib>
<forced_lib>mmap</forced_lib>
<forced_lib>mock</forced_lib>
<forced_lib>msvcrt</forced_lib>
<forced_lib>multiprocessing</forced_lib>
<forced_lib>mutagen</forced_lib>
<forced_lib>nt</forced_lib>
<forced_lib>numpy</forced_lib>
<forced_lib>operator</forced_lib>
<forced_lib>os</forced_lib>
<forced_lib>os.path</forced_lib>
<forced_lib>parser</forced_lib>
<forced_lib>pytest</forced_lib>
<forced_lib>scipy</forced_lib>
<forced_lib>signal</forced_lib>
<forced_lib>six</forced_lib>
<forced_lib>socket</forced_lib>
<forced_lib>ssl</forced_lib>
<forced_lib>strop</forced_lib>
<forced_lib>sys</forced_lib>
<forced_lib>thread</forced_lib>
<forced_lib>time</forced_lib>
<forced_lib>werkzeug</forced_lib>
<forced_lib>winreg</forced_lib>
<forced_lib>wx</forced_lib>
<forced_lib>wxPython</forced_lib>
<forced_lib>xxsubtype</forced_lib>
<forced_lib>zipimport</forced_lib>
<forced_lib>zlib</forced_lib>
<string_substitution_var><key>PY</key><value>37</value></string_substitution_var>
</xml>

!STACK 0
java.lang.RuntimeException: - Ok, file is non-null. Getting info on:C:\Users\ravi\AppData\Local\Programs\Python\Python37-32\python.exe
- Beggining task:Getting libs totalWork:100
- Setting task name:Mounting executable string...
- Setting task name:Executing:  C:\Users\ravi\AppData\Local\Programs\Python\Python37-32\python.exe -u "C:\Program Files\Brainwy\LiClipse 5.1.3\plugins\org.python.pydev.core_7.0.3.201811082122\pysrc\interpreterInfo.py"
- Setting task name:Making pythonpath environment... C:\Users\ravi\AppData\Local\Programs\Python\Python37-32\python.exe -u "C:\Program Files\Brainwy\LiClipse 5.1.3\plugins\org.python.pydev.core_7.0.3.201811082122\pysrc\interpreterInfo.py"
- Setting task name:Making exec... C:\Users\ravi\AppData\Local\Programs\Python\Python37-32\python.exe -u "C:\Program Files\Brainwy\LiClipse 5.1.3\plugins\org.python.pydev.core_7.0.3.201811082122\pysrc\interpreterInfo.py"
- Setting task name:Reading output...
- Setting task name:Waiting for process to finish.
- Setting task name:Process finished.
- Success getting the info. Result:<xml>
<name>python</name>
<version>3.7</version>
<executable>C:\Users\ravi\AppData\Local\Programs\Python\Python37-32\python.exe</executable>
<lib>C:\Users\ravi\AppData\Local\Programs\Python\Python37-32\DLLs</lib>
<lib>C:\Users\ravi\AppData\Local\Programs\Python\Python37-32\lib</lib>
<lib>C:\Users\ravi\AppData\Local\Programs\Python\Python37-32</lib>
<lib>C:\Users\ravi\AppData\Local\Programs\Python\Python37-32\lib\site-packages</lib>
<lib>C:\Users\ravi\AppData\Local\Programs\Python\Python37-32\lib\site-packages\win32</lib>
<lib>C:\Users\ravi\AppData\Local\Programs\Python\Python37-32\lib\site-packages\win32\lib</lib>
<lib>C:\Users\ravi\AppData\Local\Programs\Python\Python37-32\lib\site-packages\Pythonwin</lib>
<forced_lib>Image</forced_lib>
<forced_lib>OpenGL</forced_lib>
<forced_lib>_abc</forced_lib>
<forced_lib>_ast</forced_lib>
<forced_lib>_bisect</forced_lib>
<forced_lib>_blake2</forced_lib>
<forced_lib>_bytesio</forced_lib>
<forced_lib>_codecs</forced_lib>
<forced_lib>_codecs_cn</forced_lib>
<forced_lib>_codecs_hk</forced_lib>
<forced_lib>_codecs_iso2022</forced_lib>
<forced_lib>_codecs_jp</forced_lib>
<forced_lib>_codecs_kr</forced_lib>
<forced_lib>_codecs_tw</forced_lib>
<forced_lib>_collections</forced_lib>
<forced_lib>_csv</forced_lib>
<forced_lib>_datetime</forced_lib>
<forced_lib>_fileio</forced_lib>
<forced_lib>_functools</forced_lib>
<forced_lib>_heapq</forced_lib>
<forced_lib>_hotshot</forced_lib>
<forced_lib>_imp</forced_lib>
<forced_lib>_io</forced_lib>
<forced_lib>_json</forced_lib>
<forced_lib>_locale</forced_lib>
<forced_lib>_lsprof</forced_lib>
<forced_lib>_md5</forced_lib>
<forced_lib>_multibytecodec</forced_lib>
<forced_lib>_opcode</forced_lib>
<forced_lib>_operator</forced_lib>
<forced_lib>_pickle</forced_lib>
<forced_lib>_random</forced_lib>
<forced_lib>_sha</forced_lib>
<forced_lib>_sha1</forced_lib>
<forced_lib>_sha256</forced_lib>
<forced_lib>_sha3</forced_lib>
<forced_lib>_sha512</forced_lib>
<forced_lib>_signal</forced_lib>
<forced_lib>_sre</forced_lib>
<forced_lib>_stat</forced_lib>
<forced_lib>_string</forced_lib>
<forced_lib>_struct</forced_lib>
<forced_lib>_subprocess</forced_lib>
<forced_lib>_symtable</forced_lib>
<forced_lib>_thread</forced_lib>
<forced_lib>_tracemalloc</forced_lib>
<forced_lib>_warnings</forced_lib>
<forced_lib>_weakref</forced_lib>
<forced_lib>_winapi</forced_lib>
<forced_lib>_winreg</forced_lib>
<forced_lib>array</forced_lib>
<forced_lib>atexit</forced_lib>
<forced_lib>audioop</forced_lib>
<forced_lib>binascii</forced_lib>
<forced_lib>builtins</forced_lib>
<forced_lib>cPickle</forced_lib>
<forced_lib>cStringIO</forced_lib>
<forced_lib>cmath</forced_lib>
<forced_lib>cv2</forced_lib>
<forced_lib>datetime</forced_lib>
<forced_lib>email</forced_lib>
<forced_lib>errno</forced_lib>
<forced_lib>exceptions</forced_lib>
<forced_lib>faulthandler</forced_lib>
<forced_lib>future_builtins</forced_lib>
<forced_lib>gc</forced_lib>
<forced_lib>gi</forced_lib>
<forced_lib>hashlib</forced_lib>
<forced_lib>imageop</forced_lib>
<forced_lib>imp</forced_lib>
<forced_lib>itertools</forced_lib>
<forced_lib>marshal</forced_lib>
<forced_lib>math</forced_lib>
<forced_lib>mmap</forced_lib>
<forced_lib>mock</forced_lib>
<forced_lib>msvcrt</forced_lib>
<forced_lib>multiprocessing</forced_lib>
<forced_lib>mutagen</forced_lib>
<forced_lib>nt</forced_lib>
<forced_lib>numpy</forced_lib>
<forced_lib>operator</forced_lib>
<forced_lib>os</forced_lib>
<forced_lib>os.path</forced_lib>
<forced_lib>parser</forced_lib>
<forced_lib>pytest</forced_lib>
<forced_lib>scipy</forced_lib>
<forced_lib>signal</forced_lib>
<forced_lib>six</forced_lib>
<forced_lib>socket</forced_lib>
<forced_lib>ssl</forced_lib>
<forced_lib>strop</forced_lib>
<forced_lib>sys</forced_lib>
<forced_lib>thread</forced_lib>
<forced_lib>time</forced_lib>
<forced_lib>werkzeug</forced_lib>
<forced_lib>winreg</forced_lib>
<forced_lib>wx</forced_lib>
<forced_lib>wxPython</forced_lib>
<forced_lib>xxsubtype</forced_lib>
<forced_lib>zipimport</forced_lib>
<forced_lib>zlib</forced_lib>
<string_substitution_var><key>PY</key><value>37</value></string_substitution_var>
</xml>

	at org.python.pydev.core.log.Log.logInfo(Log.java:45)
	at org.python.pydev.ui.pythonpathconf.AutoConfigMaker.applyOperation(AutoConfigMaker.java:191)
	at org.python.pydev.ui.pythonpathconf.AutoConfigMaker.autoConfigSingleApply(AutoConfigMaker.java:128)
	at org.python.pydev.ui.PyProjectPythonDetails$ProjectInterpreterAndGrammarConfig$2.widgetSelected(PyProjectPythonDetails.java:326)
	at org.eclipse.swt.widgets.TypedListener.handleEvent(TypedListener.java:249)
	at org.eclipse.swt.widgets.EventTable.sendEvent(EventTable.java:86)
	at org.eclipse.swt.widgets.Display.sendEvent(Display.java:4118)
	at org.eclipse.swt.widgets.Widget.sendEvent(Widget.java:1052)
	at org.eclipse.swt.widgets.Widget.sendEvent(Widget.java:1076)
	at org.eclipse.swt.widgets.Widget.sendSelectionEvent(Widget.java:1093)
	at org.eclipse.swt.widgets.Link.WM_LBUTTONUP(Link.java:1009)
	at org.eclipse.swt.widgets.Control.windowProc(Control.java:4802)
	at org.eclipse.swt.widgets.Display.windowProc(Display.java:4757)
	at org.eclipse.swt.internal.win32.OS.DispatchMessageW(Native Method)
	at org.eclipse.swt.internal.win32.OS.DispatchMessage(OS.java:2303)
	at org.eclipse.swt.widgets.Display.readAndDispatch(Display.java:3532)
	at org.eclipse.jface.window.Window.runEventLoop(Window.java:818)
	at org.eclipse.jface.window.Window.open(Window.java:794)
	at org.eclipse.ui.internal.actions.NewWizardShortcutAction.run(NewWizardShortcutAction.java:133)
	at org.eclipse.jface.action.Action.runWithEvent(Action.java:473)
	at org.eclipse.jface.action.ActionContributionItem.handleWidgetSelection(ActionContributionItem.java:565)
	at org.eclipse.jface.action.ActionContributionItem.lambda$4(ActionContributionItem.java:397)
	at org.eclipse.swt.widgets.EventTable.sendEvent(EventTable.java:86)
	at org.eclipse.swt.widgets.Display.sendEvent(Display.java:4118)
	at org.eclipse.swt.widgets.Widget.sendEvent(Widget.java:1052)
	at org.eclipse.swt.widgets.Display.runDeferredEvents(Display.java:3931)
	at org.eclipse.swt.widgets.Display.readAndDispatch(Display.java:3534)
	at org.eclipse.e4.ui.internal.workbench.swt.PartRenderingEngine$5.run(PartRenderingEngine.java:1170)
	at org.eclipse.core.databinding.observable.Realm.runWithDefault(Realm.java:336)
	at org.eclipse.e4.ui.internal.workbench.swt.PartRenderingEngine.run(PartRenderingEngine.java:1059)
	at org.eclipse.e4.ui.internal.workbench.E4Workbench.createAndRunUI(E4Workbench.java:153)
	at org.eclipse.ui.internal.Workbench.lambda$3(Workbench.java:667)
	at org.eclipse.core.databinding.observable.Realm.runWithDefault(Realm.java:336)
	at org.eclipse.ui.internal.Workbench.createAndRunWorkbench(Workbench.java:597)
	at org.eclipse.ui.PlatformUI.createAndRunWorkbench(PlatformUI.java:148)
	at com.brainwy.liclipse.rcp.IDEApplication.start(IDEApplication.java:231)
	at org.eclipse.equinox.internal.app.EclipseAppHandle.run(EclipseAppHandle.java:196)
	at org.eclipse.core.runtime.internal.adaptor.EclipseAppLauncher.runApplication(EclipseAppLauncher.java:134)
	at org.eclipse.core.runtime.internal.adaptor.EclipseAppLauncher.start(EclipseAppLauncher.java:104)
	at org.eclipse.core.runtime.adaptor.EclipseStarter.run(EclipseStarter.java:388)
	at org.eclipse.core.runtime.adaptor.EclipseStarter.run(EclipseStarter.java:243)
	at sun.reflect.NativeMethodAccessorImpl.invoke0(Native Method)
	at sun.reflect.NativeMethodAccessorImpl.invoke(NativeMethodAccessorImpl.java:62)
	at sun.reflect.DelegatingMethodAccessorImpl.invoke(DelegatingMethodAccessorImpl.java:43)
	at java.lang.reflect.Method.invoke(Method.java:498)
	at org.eclipse.equinox.launcher.Main.invokeFramework(Main.java:656)
	at org.eclipse.equinox.launcher.Main.basicRun(Main.java:592)
	at org.eclipse.equinox.launcher.Main.run(Main.java:1498)

!ENTRY org.python.pydev.shared_core 1 1 2019-03-28 11:08:25.392
!MESSAGE Restoring info for: C:\Users\ravi\AppData\Local\Programs\Python\Python37-32\python.exe
!STACK 0
java.lang.RuntimeException: Restoring info for: C:\Users\ravi\AppData\Local\Programs\Python\Python37-32\python.exe
	at org.python.pydev.ast.interpreter_managers.AbstractInterpreterManager.getInterpretersFromPersistedString(AbstractInterpreterManager.java:453)
	at org.python.pydev.ast.interpreter_managers.AbstractInterpreterManager.internalRecreateCacheGetInterpreterInfos(AbstractInterpreterManager.java:279)
	at org.python.pydev.ast.interpreter_managers.AbstractInterpreterManager.setInfos(AbstractInterpreterManager.java:576)
	at org.python.pydev.ui.pythonpathconf.AutoConfigMaker$1.run(AutoConfigMaker.java:152)
	at org.eclipse.core.internal.jobs.Worker.run(Worker.java:60)
Caused by: java.io.IOException: Expecting: D:\miniServer\.metadata\.plugins\org.python.pydev\v1_8fztlxzchi4birx19atwzh2id\modulesKeys to exist (and be a file).
	at org.python.pydev.ast.codecompletion.revisited.ModulesManager.loadFromFile(ModulesManager.java:296)
	at org.python.pydev.ast.codecompletion.revisited.SystemModulesManager.load(SystemModulesManager.java:400)
	at org.python.pydev.ast.interpreter_managers.AbstractInterpreterManager.getInterpretersFromPersistedString(AbstractInterpreterManager.java:451)
	... 4 more

!ENTRY org.python.pydev.shared_core 1 1 2019-03-28 11:08:28.064
!MESSAGE Finished restoring information for: C:\Users\ravi\AppData\Local\Programs\Python\Python37-32\python.exe at: D:\miniServer\.metadata\.plugins\org.python.pydev\v1_8fztlxzchi4birx19atwzh2id
!STACK 0
java.lang.RuntimeException: Finished restoring information for: C:\Users\ravi\AppData\Local\Programs\Python\Python37-32\python.exe at: D:\miniServer\.metadata\.plugins\org.python.pydev\v1_8fztlxzchi4birx19atwzh2id
	at org.python.pydev.core.log.Log.logInfo(Log.java:45)
	at org.python.pydev.ast.interpreter_managers.AbstractInterpreterManager.getInterpretersFromPersistedString(AbstractInterpreterManager.java:498)
	at org.python.pydev.ast.interpreter_managers.AbstractInterpreterManager.internalRecreateCacheGetInterpreterInfos(AbstractInterpreterManager.java:279)
	at org.python.pydev.ast.interpreter_managers.AbstractInterpreterManager.setInfos(AbstractInterpreterManager.java:576)
	at org.python.pydev.ui.pythonpathconf.AutoConfigMaker$1.run(AutoConfigMaker.java:152)
	at org.eclipse.core.internal.jobs.Worker.run(Worker.java:60)

!ENTRY org.python.pydev.shared_core 4 4 2019-03-28 11:08:30.845
!MESSAGE Info: Rebuilding internal caches: D:\miniServer\.metadata\.plugins\com.python.pydev.analysis\python_v1_8fztlxzchi4birx19atwzh2id\python.pydevsysteminfo (Expected error to be provided and got no error!)

!ENTRY org.python.pydev.shared_core 4 4 2019-03-28 11:08:54.142
!MESSAGE Info: Rebuilding internal caches: D:\miniServer\.metadata\.plugins\org.eclipse.core.resources\.projects\MiniServer\com.python.pydev.analysis\AdditionalProjectInterpreterInfo.pydevinfo (Expected error to be provided and got no error!)

!ENTRY org.python.pydev.shared_core 4 4 2019-03-28 11:17:14.802
!MESSAGE Unable to read contents from: D:\miniServer\.metadata\.plugins\org.python.pydev\v1_8fztlxzchi4birx19atwzh2id\shell\wer_ctfl6rz68otdwuydc8eh7r7a1.top
!STACK 0
java.io.EOFException
	at java.util.zip.GZIPInputStream.readUByte(GZIPInputStream.java:268)
	at java.util.zip.GZIPInputStream.readUShort(GZIPInputStream.java:258)
	at java.util.zip.GZIPInputStream.readHeader(GZIPInputStream.java:164)
	at java.util.zip.GZIPInputStream.<init>(GZIPInputStream.java:79)
	at java.util.zip.GZIPInputStream.<init>(GZIPInputStream.java:91)
	at org.python.pydev.ast.codecompletion.revisited.modules.CompiledModule.getCached(CompiledModule.java:308)
	at org.python.pydev.ast.codecompletion.revisited.modules.CompiledModule.getGlobalTokens(CompiledModule.java:535)
	at org.python.pydev.ast.codecompletion.revisited.AbstractASTManager.internalGenerateGetCompletionsForModule(AbstractASTManager.java:872)
	at org.python.pydev.ast.codecompletion.revisited.AbstractASTManager.getCompletionsForModule(AbstractASTManager.java:694)
	at org.python.pydev.ast.codecompletion.revisited.AbstractASTManager.getCompletionsForModule(AbstractASTManager.java:663)
	at org.python.pydev.ast.codecompletion.revisited.AbstractASTManager.getCompletionsForModule(AbstractASTManager.java:654)
	at org.python.pydev.ast.codecompletion.revisited.AbstractASTManager.getCompletionsForModule(AbstractASTManager.java:644)
	at org.python.pydev.ast.codecompletion.revisited.AbstractASTManager.findTokensOnImportedMods(AbstractASTManager.java:2021)
	at org.python.pydev.ast.codecompletion.revisited.AbstractASTManager.internalGenerateGetCompletionsForModule(AbstractASTManager.java:836)
	at org.python.pydev.ast.codecompletion.revisited.AbstractASTManager.getCompletionsForModule(AbstractASTManager.java:694)
	at org.python.pydev.ast.codecompletion.revisited.AbstractASTManager.getCompletionsForModule(AbstractASTManager.java:663)
	at org.python.pydev.ast.codecompletion.revisited.AssignAnalysis.getNonFunctionDefCompletionsFromAssign(AssignAnalysis.java:454)
	at org.python.pydev.ast.codecompletion.revisited.AssignAnalysis.getCompletionsFromDefinition(AssignAnalysis.java:206)
	at org.python.pydev.ast.codecompletion.revisited.AssignAnalysis.getAssignCompletions(AssignAnalysis.java:84)
	at org.python.pydev.ast.codecompletion.revisited.AbstractASTManager.getAssignCompletions(AbstractASTManager.java:1647)
	at org.python.pydev.ast.codecompletion.revisited.AbstractASTManager.internalGenerateGetCompletionsForModule(AbstractASTManager.java:932)
	at org.python.pydev.ast.codecompletion.revisited.AbstractASTManager.getCompletionsForModule(AbstractASTManager.java:694)
	at org.python.pydev.ast.codecompletion.revisited.AbstractASTManager.getCompletionsForModule(AbstractASTManager.java:663)
	at org.python.pydev.ast.codecompletion.revisited.AbstractASTManager.getCompletionsForModule(AbstractASTManager.java:654)
	at org.python.pydev.ast.codecompletion.revisited.AbstractASTManager.getCompletionsForModule(AbstractASTManager.java:644)
	at org.python.pydev.ast.codecompletion.revisited.AbstractASTManager.findTokensOnImportedMods(AbstractASTManager.java:2021)
	at org.python.pydev.ast.codecompletion.revisited.AbstractASTManager.internalGenerateGetCompletionsForModule(AbstractASTManager.java:836)
	at org.python.pydev.ast.codecompletion.revisited.AbstractASTManager.getCompletionsForModule(AbstractASTManager.java:694)
	at org.python.pydev.ast.codecompletion.revisited.AbstractASTManager.getCompletionsForModule(AbstractASTManager.java:663)
	at org.python.pydev.ast.codecompletion.revisited.AbstractASTManager.getCompletionsForModule(AbstractASTManager.java:654)
	at org.python.pydev.ast.codecompletion.revisited.modules.AbstractModule.internalGenerateCachedTokens(AbstractModule.java:219)
	at org.python.pydev.ast.codecompletion.revisited.modules.AbstractModule.getCachedCompletions(AbstractModule.java:190)
	at org.python.pydev.ast.codecompletion.revisited.modules.AbstractModule.isInGlobalTokens(AbstractModule.java:142)
	at com.python.pydev.analysis.scopeanalysis.AbstractScopeAnalyzerVisitor.markRead(AbstractScopeAnalyzerVisitor.java:1206)
	at com.python.pydev.analysis.scopeanalysis.AbstractScopeAnalyzerVisitor.visitAttribute(AbstractScopeAnalyzerVisitor.java:722)
	at org.python.pydev.parser.jython.ast.Attribute.accept(Attribute.java:87)
	at org.python.pydev.parser.jython.ast.Subscript.traverse(Subscript.java:93)
	at com.python.pydev.analysis.scopeanalysis.AbstractScopeAnalyzerVisitor.traverse(AbstractScopeAnalyzerVisitor.java:197)
	at com.python.pydev.analysis.visitors.OccurrencesVisitor.traverse(OccurrencesVisitor.java:395)
	at org.python.pydev.parser.jython.ast.VisitorBase.visitSubscript(VisitorBase.java:310)
	at org.python.pydev.parser.jython.ast.Subscript.accept(Subscript.java:87)
	at com.python.pydev.analysis.scopeanalysis.AbstractScopeAnalyzerVisitor.visitAssign(AbstractScopeAnalyzerVisitor.java:848)
	at com.python.pydev.analysis.visitors.OccurrencesVisitor.visitAssign(OccurrencesVisitor.java:218)
	at org.python.pydev.parser.jython.ast.Assign.accept(Assign.java:97)
	at org.python.pydev.parser.jython.ast.TryExcept.traverse(TryExcept.java:113)
	at com.python.pydev.analysis.scopeanalysis.AbstractScopeAnalyzerVisitor.traverse(AbstractScopeAnalyzerVisitor.java:197)
	at com.python.pydev.analysis.visitors.OccurrencesVisitor.traverse(OccurrencesVisitor.java:395)
	at org.python.pydev.parser.jython.ast.VisitorBase.visitTryExcept(VisitorBase.java:118)
	at com.python.pydev.analysis.scopeanalysis.AbstractScopeAnalyzerVisitor.visitTryExcept(AbstractScopeAnalyzerVisitor.java:888)
	at org.python.pydev.parser.jython.ast.TryExcept.accept(TryExcept.java:105)
	at com.python.pydev.analysis.scopeanalysis.AbstractScopeAnalyzerVisitor.visitFunctionDef(AbstractScopeAnalyzerVisitor.java:432)
	at org.python.pydev.parser.jython.ast.FunctionDef.accept(FunctionDef.java:131)
	at org.python.pydev.parser.jython.ast.Module.traverse(Module.java:87)
	at com.python.pydev.analysis.scopeanalysis.AbstractScopeAnalyzerVisitor.traverse(AbstractScopeAnalyzerVisitor.java:197)
	at com.python.pydev.analysis.visitors.OccurrencesVisitor.traverse(OccurrencesVisitor.java:395)
	at org.python.pydev.parser.jython.ast.VisitorBase.visitModule(VisitorBase.java:10)
	at org.python.pydev.parser.jython.ast.Module.accept(Module.java:79)
	at com.python.pydev.analysis.OccurrencesAnalyzer.analyzeDocument(OccurrencesAnalyzer.java:60)
	at com.python.pydev.analysis.additionalinfo.builders.AnalysisBuilderRunnable.doAnalysis(AnalysisBuilderRunnable.java:304)
	at com.python.pydev.analysis.additionalinfo.builders.AbstractAnalysisBuilderRunnable.run(AbstractAnalysisBuilderRunnable.java:164)
	at org.python.pydev.core.concurrency.RunnableAsJobsPoolThread$1.run(RunnableAsJobsPoolThread.java:140)
	at org.eclipse.core.internal.jobs.Worker.run(Worker.java:60)
!SESSION 2019-03-28 12:14:22.518 -----------------------------------------------
eclipse.buildId=unknown
java.version=1.8.0_144
java.vendor=Oracle Corporation
BootLoader constants: OS=win32, ARCH=x86_64, WS=win32, NL=en_US
Command-line arguments:  -os win32 -ws win32 -arch x86_64 -data file:/D:/miniServer/

!ENTRY org.eclipse.egit.ui 2 0 2019-03-28 12:14:41.844
!MESSAGE Warning: The environment variable HOME is not set. The following directory will be used to store the Git
user global configuration and to define the default location to store repositories: 'C:\Users\ravi'. If this is
not correct please set the HOME environment variable and restart Eclipse. Otherwise Git for Windows and
EGit might behave differently since they see different configuration options.
This warning can be switched off on the Team > Git > Confirmations and Warnings preference page.

!ENTRY org.brainwy.liclipsetext.shared_core 4 4 2019-03-28 12:14:44.734
!MESSAGE C:\Program Files\Brainwy\LiClipse 5.1.3\plugins\com.brainwy.liclipse.editor_5.1.3.201811082122\etc\4qmvtyrr78te7rv5njugg6x70 (The system cannot find the path specified)
!STACK 0
java.io.FileNotFoundException: C:\Program Files\Brainwy\LiClipse 5.1.3\plugins\com.brainwy.liclipse.editor_5.1.3.201811082122\etc\4qmvtyrr78te7rv5njugg6x70 (The system cannot find the path specified)
	at java.io.FileOutputStream.open0(Native Method)
	at java.io.FileOutputStream.open(FileOutputStream.java:270)
	at java.io.FileOutputStream.<init>(FileOutputStream.java:213)
	at java.io.FileOutputStream.<init>(FileOutputStream.java:162)
	at org.brainwy.liclipsetext.shared_core.io.FileUtils.writeBytesToFile(FileUtils.java:140)
	at org.brainwy.liclipsetext.shared_core.io.FileUtils.writeStrToFile(FileUtils.java:133)
	at com.brainwy.liclipse.editor.lic.CheckRegistered.run(CheckRegistered.java:146)
!SESSION 2019-03-28 12:22:26.276 -----------------------------------------------
eclipse.buildId=unknown
java.version=1.8.0_144
java.vendor=Oracle Corporation
BootLoader constants: OS=win32, ARCH=x86_64, WS=win32, NL=en_US
Command-line arguments:  -os win32 -ws win32 -arch x86_64 -data file:/D:/miniServer/

!ENTRY org.eclipse.egit.ui 2 0 2019-03-28 12:22:53.604
!MESSAGE Warning: The environment variable HOME is not set. The following directory will be used to store the Git
user global configuration and to define the default location to store repositories: 'C:\Users\ravi'. If this is
not correct please set the HOME environment variable and restart Eclipse. Otherwise Git for Windows and
EGit might behave differently since they see different configuration options.
This warning can be switched off on the Team > Git > Confirmations and Warnings preference page.

!ENTRY org.brainwy.liclipsetext.shared_core 4 4 2019-03-28 12:22:55.842
!MESSAGE C:\Program Files\Brainwy\LiClipse 5.1.3\plugins\com.brainwy.liclipse.editor_5.1.3.201811082122\etc\4qmvtyrr78te7rv5njugg6x70 (The system cannot find the path specified)
!STACK 0
java.io.FileNotFoundException: C:\Program Files\Brainwy\LiClipse 5.1.3\plugins\com.brainwy.liclipse.editor_5.1.3.201811082122\etc\4qmvtyrr78te7rv5njugg6x70 (The system cannot find the path specified)
	at java.io.FileOutputStream.open0(Native Method)
	at java.io.FileOutputStream.open(FileOutputStream.java:270)
	at java.io.FileOutputStream.<init>(FileOutputStream.java:213)
	at java.io.FileOutputStream.<init>(FileOutputStream.java:162)
	at org.brainwy.liclipsetext.shared_core.io.FileUtils.writeBytesToFile(FileUtils.java:140)
	at org.brainwy.liclipsetext.shared_core.io.FileUtils.writeStrToFile(FileUtils.java:133)
	at com.brainwy.liclipse.editor.lic.CheckRegistered.run(CheckRegistered.java:146)
!SESSION 2019-03-28 12:26:05.618 -----------------------------------------------
eclipse.buildId=unknown
java.version=1.8.0_144
java.vendor=Oracle Corporation
BootLoader constants: OS=win32, ARCH=x86_64, WS=win32, NL=en_US
Command-line arguments:  -os win32 -ws win32 -arch x86_64

!ENTRY org.eclipse.egit.ui 2 0 2019-03-28 12:26:36.297
!MESSAGE Warning: The environment variable HOME is not set. The following directory will be used to store the Git
user global configuration and to define the default location to store repositories: 'C:\Users\ravi'. If this is
not correct please set the HOME environment variable and restart Eclipse. Otherwise Git for Windows and
EGit might behave differently since they see different configuration options.
This warning can be switched off on the Team > Git > Confirmations and Warnings preference page.

!ENTRY org.brainwy.liclipsetext.shared_core 4 4 2019-03-28 12:26:37.078
!MESSAGE C:\Program Files\Brainwy\LiClipse 5.1.3\plugins\com.brainwy.liclipse.editor_5.1.3.201811082122\etc\4qmvtyrr78te7rv5njugg6x70 (The system cannot find the path specified)
!STACK 0
java.io.FileNotFoundException: C:\Program Files\Brainwy\LiClipse 5.1.3\plugins\com.brainwy.liclipse.editor_5.1.3.201811082122\etc\4qmvtyrr78te7rv5njugg6x70 (The system cannot find the path specified)
	at java.io.FileOutputStream.open0(Native Method)
	at java.io.FileOutputStream.open(FileOutputStream.java:270)
	at java.io.FileOutputStream.<init>(FileOutputStream.java:213)
	at java.io.FileOutputStream.<init>(FileOutputStream.java:162)
	at org.brainwy.liclipsetext.shared_core.io.FileUtils.writeBytesToFile(FileUtils.java:140)
	at org.brainwy.liclipsetext.shared_core.io.FileUtils.writeStrToFile(FileUtils.java:133)
	at com.brainwy.liclipse.editor.lic.CheckRegistered.run(CheckRegistered.java:146)

!ENTRY org.python.pydev.shared_core 4 4 2019-03-28 12:26:39.297
!MESSAGE Error checking for valid tokens (imports) for server
!STACK 0
org.python.pydev.core.structure.CompletionRecursionException: Stopping analysis: completion took too much time to complete. Max set to: 5000 millis. Current: 5016 millis. Note: this value may be changed in the code-completion preferences.
	at org.python.pydev.ast.codecompletion.revisited.CompletionState.checkMaxTimeForCompletion(CompletionState.java:291)
	at org.python.pydev.ast.codecompletion.revisited.CompletionStateWrapper.checkMaxTimeForCompletion(CompletionStateWrapper.java:99)
	at org.python.pydev.ast.codecompletion.revisited.AbstractASTManager.getAssignCompletions(AbstractASTManager.java:1646)
	at org.python.pydev.ast.codecompletion.revisited.AbstractASTManager.internalGenerateGetCompletionsForModule(AbstractASTManager.java:932)
	at org.python.pydev.ast.codecompletion.revisited.AbstractASTManager.getCompletionsForModule(AbstractASTManager.java:694)
	at org.python.pydev.ast.codecompletion.revisited.AbstractASTManager.getCompletionsForModule(AbstractASTManager.java:663)
	at org.python.pydev.ast.codecompletion.revisited.AbstractASTManager.getCompletionsForModule(AbstractASTManager.java:654)
	at org.python.pydev.ast.codecompletion.revisited.AbstractASTManager.getCompletionsForModule(AbstractASTManager.java:644)
	at org.python.pydev.ast.codecompletion.revisited.AbstractASTManager.internalGenerateGetCompletionsForModule(AbstractASTManager.java:880)
	at org.python.pydev.ast.codecompletion.revisited.AbstractASTManager.getCompletionsForModule(AbstractASTManager.java:694)
	at org.python.pydev.ast.codecompletion.revisited.AbstractASTManager.getCompletionsForModule(AbstractASTManager.java:663)
	at org.python.pydev.ast.codecompletion.revisited.AbstractASTManager.getCompletionsForModule(AbstractASTManager.java:654)
	at org.python.pydev.ast.codecompletion.revisited.AbstractASTManager.getCompletionsForModule(AbstractASTManager.java:644)
	at org.python.pydev.ast.codecompletion.revisited.AbstractASTManager.findTokensOnImportedMods(AbstractASTManager.java:2021)
	at org.python.pydev.ast.codecompletion.revisited.AbstractASTManager.internalGenerateGetCompletionsForModule(AbstractASTManager.java:836)
	at org.python.pydev.ast.codecompletion.revisited.AbstractASTManager.getCompletionsForModule(AbstractASTManager.java:694)
	at org.python.pydev.ast.codecompletion.revisited.AbstractASTManager.getCompletionsForModule(AbstractASTManager.java:663)
	at org.python.pydev.ast.codecompletion.revisited.AbstractASTManager.getCompletionsForModule(AbstractASTManager.java:654)
	at org.python.pydev.ast.codecompletion.revisited.modules.AbstractModule.internalGenerateCachedTokens(AbstractModule.java:219)
	at org.python.pydev.ast.codecompletion.revisited.modules.AbstractModule.getCachedCompletions(AbstractModule.java:190)
	at org.python.pydev.ast.codecompletion.revisited.modules.AbstractModule.isInGlobalTokens(AbstractModule.java:142)
	at com.python.pydev.analysis.scopeanalysis.AbstractScopeAnalyzerVisitor.markRead(AbstractScopeAnalyzerVisitor.java:1206)
	at com.python.pydev.analysis.scopeanalysis.AbstractScopeAnalyzerVisitor.visitAttribute(AbstractScopeAnalyzerVisitor.java:722)
	at org.python.pydev.parser.jython.ast.Attribute.accept(Attribute.java:87)
	at org.python.pydev.parser.jython.ast.Subscript.traverse(Subscript.java:93)
	at com.python.pydev.analysis.scopeanalysis.AbstractScopeAnalyzerVisitor.traverse(AbstractScopeAnalyzerVisitor.java:197)
	at com.python.pydev.analysis.visitors.OccurrencesVisitor.traverse(OccurrencesVisitor.java:395)
	at org.python.pydev.parser.jython.ast.VisitorBase.visitSubscript(VisitorBase.java:310)
	at org.python.pydev.parser.jython.ast.Subscript.accept(Subscript.java:87)
	at com.python.pydev.analysis.scopeanalysis.AbstractScopeAnalyzerVisitor.visitAssign(AbstractScopeAnalyzerVisitor.java:848)
	at com.python.pydev.analysis.visitors.OccurrencesVisitor.visitAssign(OccurrencesVisitor.java:218)
	at org.python.pydev.parser.jython.ast.Assign.accept(Assign.java:97)
	at org.python.pydev.parser.jython.ast.TryExcept.traverse(TryExcept.java:113)
	at com.python.pydev.analysis.scopeanalysis.AbstractScopeAnalyzerVisitor.traverse(AbstractScopeAnalyzerVisitor.java:197)
	at com.python.pydev.analysis.visitors.OccurrencesVisitor.traverse(OccurrencesVisitor.java:395)
	at org.python.pydev.parser.jython.ast.VisitorBase.visitTryExcept(VisitorBase.java:118)
	at com.python.pydev.analysis.scopeanalysis.AbstractScopeAnalyzerVisitor.visitTryExcept(AbstractScopeAnalyzerVisitor.java:888)
	at org.python.pydev.parser.jython.ast.TryExcept.accept(TryExcept.java:105)
	at com.python.pydev.analysis.scopeanalysis.AbstractScopeAnalyzerVisitor.visitFunctionDef(AbstractScopeAnalyzerVisitor.java:432)
	at org.python.pydev.parser.jython.ast.FunctionDef.accept(FunctionDef.java:131)
	at org.python.pydev.parser.jython.ast.Module.traverse(Module.java:87)
	at com.python.pydev.analysis.scopeanalysis.AbstractScopeAnalyzerVisitor.traverse(AbstractScopeAnalyzerVisitor.java:197)
	at com.python.pydev.analysis.visitors.OccurrencesVisitor.traverse(OccurrencesVisitor.java:395)
	at org.python.pydev.parser.jython.ast.VisitorBase.visitModule(VisitorBase.java:10)
	at org.python.pydev.parser.jython.ast.Module.accept(Module.java:79)
	at com.python.pydev.analysis.OccurrencesAnalyzer.analyzeDocument(OccurrencesAnalyzer.java:60)
	at com.python.pydev.analysis.additionalinfo.builders.AnalysisBuilderRunnable.doAnalysis(AnalysisBuilderRunnable.java:304)
	at com.python.pydev.analysis.additionalinfo.builders.AbstractAnalysisBuilderRunnable.run(AbstractAnalysisBuilderRunnable.java:164)
	at org.python.pydev.core.concurrency.RunnableAsJobsPoolThread$1.run(RunnableAsJobsPoolThread.java:140)
	at org.eclipse.core.internal.jobs.Worker.run(Worker.java:60)
!SESSION 2019-03-28 12:55:27.889 -----------------------------------------------
eclipse.buildId=unknown
java.version=1.8.0_144
java.vendor=Oracle Corporation
BootLoader constants: OS=win32, ARCH=x86_64, WS=win32, NL=en_US
Command-line arguments:  -os win32 -ws win32 -arch x86_64 -data file:/D:/miniServer/

!ENTRY org.eclipse.egit.ui 2 0 2019-03-28 12:55:46.574
!MESSAGE Warning: The environment variable HOME is not set. The following directory will be used to store the Git
user global configuration and to define the default location to store repositories: 'C:\Users\ravi'. If this is
not correct please set the HOME environment variable and restart Eclipse. Otherwise Git for Windows and
EGit might behave differently since they see different configuration options.
This warning can be switched off on the Team > Git > Confirmations and Warnings preference page.

!ENTRY org.brainwy.liclipsetext.shared_core 4 4 2019-03-28 12:55:48.090
!MESSAGE C:\Program Files\Brainwy\LiClipse 5.1.3\plugins\com.brainwy.liclipse.editor_5.1.3.201811082122\etc\4qmvtyrr78te7rv5njugg6x70 (The system cannot find the path specified)
!STACK 0
java.io.FileNotFoundException: C:\Program Files\Brainwy\LiClipse 5.1.3\plugins\com.brainwy.liclipse.editor_5.1.3.201811082122\etc\4qmvtyrr78te7rv5njugg6x70 (The system cannot find the path specified)
	at java.io.FileOutputStream.open0(Native Method)
	at java.io.FileOutputStream.open(FileOutputStream.java:270)
	at java.io.FileOutputStream.<init>(FileOutputStream.java:213)
	at java.io.FileOutputStream.<init>(FileOutputStream.java:162)
	at org.brainwy.liclipsetext.shared_core.io.FileUtils.writeBytesToFile(FileUtils.java:140)
	at org.brainwy.liclipsetext.shared_core.io.FileUtils.writeStrToFile(FileUtils.java:133)
	at com.brainwy.liclipse.editor.lic.CheckRegistered.run(CheckRegistered.java:146)

!ENTRY org.python.pydev.shared_core 4 4 2019-03-28 12:55:51.887
!MESSAGE The python client still hasn't connected back to the eclipse java vm (will retry...)
!STACK 0
java.lang.RuntimeException: The python client still hasn't connected back to the eclipse java vm (will retry...)
	at org.python.pydev.core.log.Log.log(Log.java:33)
	at org.python.pydev.ast.codecompletion.shell.AbstractShell.startIt(AbstractShell.java:335)
	at org.python.pydev.ast.codecompletion.shell.ShellsContainer.getServerShell(ShellsContainer.java:235)
	at org.python.pydev.ast.codecompletion.shell.ShellsContainer.getServerShell(ShellsContainer.java:167)
	at org.python.pydev.ast.codecompletion.shell.AbstractShell.getServerShell(AbstractShell.java:223)
	at org.python.pydev.ast.codecompletion.revisited.modules.CompiledModule.createInnerFromServer(CompiledModule.java:344)
	at org.python.pydev.ast.codecompletion.revisited.modules.CompiledModule.getGlobalTokens(CompiledModule.java:545)
	at org.python.pydev.ast.codecompletion.revisited.AbstractASTManager.internalGenerateGetCompletionsForModule(AbstractASTManager.java:872)
	at org.python.pydev.ast.codecompletion.revisited.AbstractASTManager.getCompletionsForModule(AbstractASTManager.java:694)
	at org.python.pydev.ast.codecompletion.revisited.AbstractASTManager.getCompletionsForModule(AbstractASTManager.java:663)
	at org.python.pydev.ast.codecompletion.revisited.AbstractASTManager.getCompletionsForModule(AbstractASTManager.java:654)
	at org.python.pydev.ast.codecompletion.revisited.AbstractASTManager.getCompletionsForModule(AbstractASTManager.java:644)
	at org.python.pydev.ast.codecompletion.revisited.AbstractASTManager.internalGenerateGetCompletionsForModule(AbstractASTManager.java:880)
	at org.python.pydev.ast.codecompletion.revisited.AbstractASTManager.getCompletionsForModule(AbstractASTManager.java:694)
	at org.python.pydev.ast.codecompletion.revisited.AbstractASTManager.getCompletionsForModule(AbstractASTManager.java:663)
	at org.python.pydev.ast.codecompletion.revisited.AbstractASTManager.getCompletionsForModule(AbstractASTManager.java:654)
	at org.python.pydev.ast.codecompletion.revisited.AbstractASTManager.getCompletionsForModule(AbstractASTManager.java:644)
	at org.python.pydev.ast.codecompletion.revisited.AbstractASTManager.findTokensOnImportedMods(AbstractASTManager.java:2021)
	at org.python.pydev.ast.codecompletion.revisited.AbstractASTManager.internalGenerateGetCompletionsForModule(AbstractASTManager.java:836)
	at org.python.pydev.ast.codecompletion.revisited.AbstractASTManager.getCompletionsForModule(AbstractASTManager.java:694)
	at org.python.pydev.ast.codecompletion.revisited.AbstractASTManager.getCompletionsForModule(AbstractASTManager.java:663)
	at org.python.pydev.ast.codecompletion.revisited.AbstractASTManager.getCompletionsForModule(AbstractASTManager.java:654)
	at org.python.pydev.ast.codecompletion.revisited.modules.AbstractModule.internalGenerateCachedTokens(AbstractModule.java:219)
	at org.python.pydev.ast.codecompletion.revisited.modules.AbstractModule.getCachedCompletions(AbstractModule.java:190)
	at org.python.pydev.ast.codecompletion.revisited.modules.AbstractModule.isInGlobalTokens(AbstractModule.java:142)
	at com.python.pydev.analysis.scopeanalysis.AbstractScopeAnalyzerVisitor.markRead(AbstractScopeAnalyzerVisitor.java:1206)
	at com.python.pydev.analysis.scopeanalysis.AbstractScopeAnalyzerVisitor.visitAttribute(AbstractScopeAnalyzerVisitor.java:722)
	at org.python.pydev.parser.jython.ast.Attribute.accept(Attribute.java:87)
	at org.python.pydev.parser.jython.ast.Subscript.traverse(Subscript.java:93)
	at com.python.pydev.analysis.scopeanalysis.AbstractScopeAnalyzerVisitor.traverse(AbstractScopeAnalyzerVisitor.java:197)
	at com.python.pydev.analysis.visitors.OccurrencesVisitor.traverse(OccurrencesVisitor.java:395)
	at org.python.pydev.parser.jython.ast.VisitorBase.visitSubscript(VisitorBase.java:310)
	at org.python.pydev.parser.jython.ast.Subscript.accept(Subscript.java:87)
	at com.python.pydev.analysis.scopeanalysis.AbstractScopeAnalyzerVisitor.visitAssign(AbstractScopeAnalyzerVisitor.java:848)
	at com.python.pydev.analysis.visitors.OccurrencesVisitor.visitAssign(OccurrencesVisitor.java:218)
	at org.python.pydev.parser.jython.ast.Assign.accept(Assign.java:97)
	at org.python.pydev.parser.jython.ast.TryExcept.traverse(TryExcept.java:113)
	at com.python.pydev.analysis.scopeanalysis.AbstractScopeAnalyzerVisitor.traverse(AbstractScopeAnalyzerVisitor.java:197)
	at com.python.pydev.analysis.visitors.OccurrencesVisitor.traverse(OccurrencesVisitor.java:395)
	at org.python.pydev.parser.jython.ast.VisitorBase.visitTryExcept(VisitorBase.java:118)
	at com.python.pydev.analysis.scopeanalysis.AbstractScopeAnalyzerVisitor.visitTryExcept(AbstractScopeAnalyzerVisitor.java:888)
	at org.python.pydev.parser.jython.ast.TryExcept.accept(TryExcept.java:105)
	at com.python.pydev.analysis.scopeanalysis.AbstractScopeAnalyzerVisitor.visitFunctionDef(AbstractScopeAnalyzerVisitor.java:432)
	at org.python.pydev.parser.jython.ast.FunctionDef.accept(FunctionDef.java:131)
	at org.python.pydev.parser.jython.ast.Module.traverse(Module.java:87)
	at com.python.pydev.analysis.scopeanalysis.AbstractScopeAnalyzerVisitor.traverse(AbstractScopeAnalyzerVisitor.java:197)
	at com.python.pydev.analysis.visitors.OccurrencesVisitor.traverse(OccurrencesVisitor.java:395)
	at org.python.pydev.parser.jython.ast.VisitorBase.visitModule(VisitorBase.java:10)
	at org.python.pydev.parser.jython.ast.Module.accept(Module.java:79)
	at com.python.pydev.analysis.OccurrencesAnalyzer.analyzeDocument(OccurrencesAnalyzer.java:60)
	at com.python.pydev.analysis.additionalinfo.builders.AnalysisBuilderRunnable.doAnalysis(AnalysisBuilderRunnable.java:304)
	at com.python.pydev.analysis.additionalinfo.builders.AbstractAnalysisBuilderRunnable.run(AbstractAnalysisBuilderRunnable.java:164)
	at org.python.pydev.core.concurrency.RunnableAsJobsPoolThread$1.run(RunnableAsJobsPoolThread.java:140)
	at org.eclipse.core.internal.jobs.Worker.run(Worker.java:60)

!ENTRY org.python.pydev.shared_core 4 4 2019-03-28 12:55:51.887
!MESSAGE Error checking for valid tokens (imports) for server
!STACK 0
org.python.pydev.core.structure.CompletionRecursionException: Stopping analysis: completion took too much time to complete. Max set to: 5000 millis. Current: 6360 millis. Note: this value may be changed in the code-completion preferences.
	at org.python.pydev.ast.codecompletion.revisited.CompletionState.checkMaxTimeForCompletion(CompletionState.java:291)
	at org.python.pydev.ast.codecompletion.revisited.CompletionStateWrapper.checkMaxTimeForCompletion(CompletionStateWrapper.java:99)
	at org.python.pydev.ast.codecompletion.revisited.AbstractASTManager.getAssignCompletions(AbstractASTManager.java:1646)
	at org.python.pydev.ast.codecompletion.revisited.AbstractASTManager.internalGenerateGetCompletionsForModule(AbstractASTManager.java:932)
	at org.python.pydev.ast.codecompletion.revisited.AbstractASTManager.getCompletionsForModule(AbstractASTManager.java:694)
	at org.python.pydev.ast.codecompletion.revisited.AbstractASTManager.getCompletionsForModule(AbstractASTManager.java:663)
	at org.python.pydev.ast.codecompletion.revisited.AbstractASTManager.getCompletionsForModule(AbstractASTManager.java:654)
	at org.python.pydev.ast.codecompletion.revisited.AbstractASTManager.getCompletionsForModule(AbstractASTManager.java:644)
	at org.python.pydev.ast.codecompletion.revisited.AbstractASTManager.internalGenerateGetCompletionsForModule(AbstractASTManager.java:880)
	at org.python.pydev.ast.codecompletion.revisited.AbstractASTManager.getCompletionsForModule(AbstractASTManager.java:694)
	at org.python.pydev.ast.codecompletion.revisited.AbstractASTManager.getCompletionsForModule(AbstractASTManager.java:663)
	at org.python.pydev.ast.codecompletion.revisited.AbstractASTManager.getCompletionsForModule(AbstractASTManager.java:654)
	at org.python.pydev.ast.codecompletion.revisited.AbstractASTManager.getCompletionsForModule(AbstractASTManager.java:644)
	at org.python.pydev.ast.codecompletion.revisited.AbstractASTManager.findTokensOnImportedMods(AbstractASTManager.java:2021)
	at org.python.pydev.ast.codecompletion.revisited.AbstractASTManager.internalGenerateGetCompletionsForModule(AbstractASTManager.java:836)
	at org.python.pydev.ast.codecompletion.revisited.AbstractASTManager.getCompletionsForModule(AbstractASTManager.java:694)
	at org.python.pydev.ast.codecompletion.revisited.AbstractASTManager.getCompletionsForModule(AbstractASTManager.java:663)
	at org.python.pydev.ast.codecompletion.revisited.AbstractASTManager.getCompletionsForModule(AbstractASTManager.java:654)
	at org.python.pydev.ast.codecompletion.revisited.modules.AbstractModule.internalGenerateCachedTokens(AbstractModule.java:219)
	at org.python.pydev.ast.codecompletion.revisited.modules.AbstractModule.getCachedCompletions(AbstractModule.java:190)
	at org.python.pydev.ast.codecompletion.revisited.modules.AbstractModule.isInGlobalTokens(AbstractModule.java:142)
	at com.python.pydev.analysis.scopeanalysis.AbstractScopeAnalyzerVisitor.markRead(AbstractScopeAnalyzerVisitor.java:1206)
	at com.python.pydev.analysis.scopeanalysis.AbstractScopeAnalyzerVisitor.visitAttribute(AbstractScopeAnalyzerVisitor.java:722)
	at org.python.pydev.parser.jython.ast.Attribute.accept(Attribute.java:87)
	at org.python.pydev.parser.jython.ast.Subscript.traverse(Subscript.java:93)
	at com.python.pydev.analysis.scopeanalysis.AbstractScopeAnalyzerVisitor.traverse(AbstractScopeAnalyzerVisitor.java:197)
	at com.python.pydev.analysis.visitors.OccurrencesVisitor.traverse(OccurrencesVisitor.java:395)
	at org.python.pydev.parser.jython.ast.VisitorBase.visitSubscript(VisitorBase.java:310)
	at org.python.pydev.parser.jython.ast.Subscript.accept(Subscript.java:87)
	at com.python.pydev.analysis.scopeanalysis.AbstractScopeAnalyzerVisitor.visitAssign(AbstractScopeAnalyzerVisitor.java:848)
	at com.python.pydev.analysis.visitors.OccurrencesVisitor.visitAssign(OccurrencesVisitor.java:218)
	at org.python.pydev.parser.jython.ast.Assign.accept(Assign.java:97)
	at org.python.pydev.parser.jython.ast.TryExcept.traverse(TryExcept.java:113)
	at com.python.pydev.analysis.scopeanalysis.AbstractScopeAnalyzerVisitor.traverse(AbstractScopeAnalyzerVisitor.java:197)
	at com.python.pydev.analysis.visitors.OccurrencesVisitor.traverse(OccurrencesVisitor.java:395)
	at org.python.pydev.parser.jython.ast.VisitorBase.visitTryExcept(VisitorBase.java:118)
	at com.python.pydev.analysis.scopeanalysis.AbstractScopeAnalyzerVisitor.visitTryExcept(AbstractScopeAnalyzerVisitor.java:888)
	at org.python.pydev.parser.jython.ast.TryExcept.accept(TryExcept.java:105)
	at com.python.pydev.analysis.scopeanalysis.AbstractScopeAnalyzerVisitor.visitFunctionDef(AbstractScopeAnalyzerVisitor.java:432)
	at org.python.pydev.parser.jython.ast.FunctionDef.accept(FunctionDef.java:131)
	at org.python.pydev.parser.jython.ast.Module.traverse(Module.java:87)
	at com.python.pydev.analysis.scopeanalysis.AbstractScopeAnalyzerVisitor.traverse(AbstractScopeAnalyzerVisitor.java:197)
	at com.python.pydev.analysis.visitors.OccurrencesVisitor.traverse(OccurrencesVisitor.java:395)
	at org.python.pydev.parser.jython.ast.VisitorBase.visitModule(VisitorBase.java:10)
	at org.python.pydev.parser.jython.ast.Module.accept(Module.java:79)
	at com.python.pydev.analysis.OccurrencesAnalyzer.analyzeDocument(OccurrencesAnalyzer.java:60)
	at com.python.pydev.analysis.additionalinfo.builders.AnalysisBuilderRunnable.doAnalysis(AnalysisBuilderRunnable.java:304)
	at com.python.pydev.analysis.additionalinfo.builders.AbstractAnalysisBuilderRunnable.run(AbstractAnalysisBuilderRunnable.java:164)
	at org.python.pydev.core.concurrency.RunnableAsJobsPoolThread$1.run(RunnableAsJobsPoolThread.java:140)
	at org.eclipse.core.internal.jobs.Worker.run(Worker.java:60)
!SESSION 2019-03-28 13:12:30.983 -----------------------------------------------
eclipse.buildId=unknown
java.version=1.8.0_144
java.vendor=Oracle Corporation
BootLoader constants: OS=win32, ARCH=x86_64, WS=win32, NL=en_US
Command-line arguments:  -os win32 -ws win32 -arch x86_64 -data file:/D:/miniServer/

!ENTRY org.brainwy.liclipsetext.shared_core 4 4 2019-03-28 13:12:51.789
!MESSAGE C:\Program Files\Brainwy\LiClipse 5.1.3\plugins\com.brainwy.liclipse.editor_5.1.3.201811082122\etc\4qmvtyrr78te7rv5njugg6x70 (The system cannot find the path specified)
!STACK 0
java.io.FileNotFoundException: C:\Program Files\Brainwy\LiClipse 5.1.3\plugins\com.brainwy.liclipse.editor_5.1.3.201811082122\etc\4qmvtyrr78te7rv5njugg6x70 (The system cannot find the path specified)
	at java.io.FileOutputStream.open0(Native Method)
	at java.io.FileOutputStream.open(FileOutputStream.java:270)
	at java.io.FileOutputStream.<init>(FileOutputStream.java:213)
	at java.io.FileOutputStream.<init>(FileOutputStream.java:162)
	at org.brainwy.liclipsetext.shared_core.io.FileUtils.writeBytesToFile(FileUtils.java:140)
	at org.brainwy.liclipsetext.shared_core.io.FileUtils.writeStrToFile(FileUtils.java:133)
	at com.brainwy.liclipse.editor.lic.CheckRegistered.run(CheckRegistered.java:146)

!ENTRY org.eclipse.egit.ui 2 0 2019-03-28 13:12:51.836
!MESSAGE Warning: The environment variable HOME is not set. The following directory will be used to store the Git
user global configuration and to define the default location to store repositories: 'C:\Users\ravi'. If this is
not correct please set the HOME environment variable and restart Eclipse. Otherwise Git for Windows and
EGit might behave differently since they see different configuration options.
This warning can be switched off on the Team > Git > Confirmations and Warnings preference page.
!SESSION 2019-03-28 13:24:51.143 -----------------------------------------------
eclipse.buildId=unknown
java.version=1.8.0_144
java.vendor=Oracle Corporation
BootLoader constants: OS=win32, ARCH=x86_64, WS=win32, NL=en_US
Command-line arguments:  -os win32 -ws win32 -arch x86_64 -data file:/D:/miniServer/

!ENTRY org.eclipse.egit.ui 2 0 2019-03-28 13:25:19.210
!MESSAGE Warning: The environment variable HOME is not set. The following directory will be used to store the Git
user global configuration and to define the default location to store repositories: 'C:\Users\ravi'. If this is
not correct please set the HOME environment variable and restart Eclipse. Otherwise Git for Windows and
EGit might behave differently since they see different configuration options.
This warning can be switched off on the Team > Git > Confirmations and Warnings preference page.

!ENTRY org.brainwy.liclipsetext.shared_core 4 4 2019-03-28 13:25:21.913
!MESSAGE C:\Program Files\Brainwy\LiClipse 5.1.3\plugins\com.brainwy.liclipse.editor_5.1.3.201811082122\etc\4qmvtyrr78te7rv5njugg6x70 (The system cannot find the path specified)
!STACK 0
java.io.FileNotFoundException: C:\Program Files\Brainwy\LiClipse 5.1.3\plugins\com.brainwy.liclipse.editor_5.1.3.201811082122\etc\4qmvtyrr78te7rv5njugg6x70 (The system cannot find the path specified)
	at java.io.FileOutputStream.open0(Native Method)
	at java.io.FileOutputStream.open(FileOutputStream.java:270)
	at java.io.FileOutputStream.<init>(FileOutputStream.java:213)
	at java.io.FileOutputStream.<init>(FileOutputStream.java:162)
	at org.brainwy.liclipsetext.shared_core.io.FileUtils.writeBytesToFile(FileUtils.java:140)
	at org.brainwy.liclipsetext.shared_core.io.FileUtils.writeStrToFile(FileUtils.java:133)
	at com.brainwy.liclipse.editor.lic.CheckRegistered.run(CheckRegistered.java:146)
!SESSION 2019-03-28 13:32:20.514 -----------------------------------------------
eclipse.buildId=unknown
java.version=1.8.0_144
java.vendor=Oracle Corporation
BootLoader constants: OS=win32, ARCH=x86_64, WS=win32, NL=en_US
Command-line arguments:  -os win32 -ws win32 -arch x86_64 -data file:/D:/miniServer/

!ENTRY org.brainwy.liclipsetext.shared_core 4 4 2019-03-28 13:32:49.523
!MESSAGE C:\Program Files\Brainwy\LiClipse 5.1.3\plugins\com.brainwy.liclipse.editor_5.1.3.201811082122\etc\4qmvtyrr78te7rv5njugg6x70 (The system cannot find the path specified)
!STACK 0
java.io.FileNotFoundException: C:\Program Files\Brainwy\LiClipse 5.1.3\plugins\com.brainwy.liclipse.editor_5.1.3.201811082122\etc\4qmvtyrr78te7rv5njugg6x70 (The system cannot find the path specified)
	at java.io.FileOutputStream.open0(Native Method)
	at java.io.FileOutputStream.open(FileOutputStream.java:270)
	at java.io.FileOutputStream.<init>(FileOutputStream.java:213)
	at java.io.FileOutputStream.<init>(FileOutputStream.java:162)
	at org.brainwy.liclipsetext.shared_core.io.FileUtils.writeBytesToFile(FileUtils.java:140)
	at org.brainwy.liclipsetext.shared_core.io.FileUtils.writeStrToFile(FileUtils.java:133)
	at com.brainwy.liclipse.editor.lic.CheckRegistered.run(CheckRegistered.java:146)

!ENTRY org.eclipse.egit.ui 2 0 2019-03-28 13:32:49.992
!MESSAGE Warning: The environment variable HOME is not set. The following directory will be used to store the Git
user global configuration and to define the default location to store repositories: 'C:\Users\ravi'. If this is
not correct please set the HOME environment variable and restart Eclipse. Otherwise Git for Windows and
EGit might behave differently since they see different configuration options.
This warning can be switched off on the Team > Git > Confirmations and Warnings preference page.

!ENTRY org.python.pydev.shared_core 4 4 2019-03-28 13:32:52.039
!MESSAGE Error checking for valid tokens (imports) for server
!STACK 0
org.python.pydev.core.structure.CompletionRecursionException: Stopping analysis: completion took too much time to complete. Max set to: 5000 millis. Current: 5125 millis. Note: this value may be changed in the code-completion preferences.
	at org.python.pydev.ast.codecompletion.revisited.CompletionState.checkMaxTimeForCompletion(CompletionState.java:291)
	at org.python.pydev.ast.codecompletion.revisited.CompletionStateWrapper.checkMaxTimeForCompletion(CompletionStateWrapper.java:99)
	at org.python.pydev.ast.codecompletion.revisited.AbstractASTManager.getAssignCompletions(AbstractASTManager.java:1646)
	at org.python.pydev.ast.codecompletion.revisited.AbstractASTManager.internalGenerateGetCompletionsForModule(AbstractASTManager.java:932)
	at org.python.pydev.ast.codecompletion.revisited.AbstractASTManager.getCompletionsForModule(AbstractASTManager.java:694)
	at org.python.pydev.ast.codecompletion.revisited.AbstractASTManager.getCompletionsForModule(AbstractASTManager.java:663)
	at org.python.pydev.ast.codecompletion.revisited.AbstractASTManager.getCompletionsForModule(AbstractASTManager.java:654)
	at org.python.pydev.ast.codecompletion.revisited.AbstractASTManager.getCompletionsForModule(AbstractASTManager.java:644)
	at org.python.pydev.ast.codecompletion.revisited.AbstractASTManager.internalGenerateGetCompletionsForModule(AbstractASTManager.java:880)
	at org.python.pydev.ast.codecompletion.revisited.AbstractASTManager.getCompletionsForModule(AbstractASTManager.java:694)
	at org.python.pydev.ast.codecompletion.revisited.AbstractASTManager.getCompletionsForModule(AbstractASTManager.java:663)
	at org.python.pydev.ast.codecompletion.revisited.AbstractASTManager.getCompletionsForModule(AbstractASTManager.java:654)
	at org.python.pydev.ast.codecompletion.revisited.AbstractASTManager.getCompletionsForModule(AbstractASTManager.java:644)
	at org.python.pydev.ast.codecompletion.revisited.AbstractASTManager.findTokensOnImportedMods(AbstractASTManager.java:2021)
	at org.python.pydev.ast.codecompletion.revisited.AbstractASTManager.internalGenerateGetCompletionsForModule(AbstractASTManager.java:836)
	at org.python.pydev.ast.codecompletion.revisited.AbstractASTManager.getCompletionsForModule(AbstractASTManager.java:694)
	at org.python.pydev.ast.codecompletion.revisited.AbstractASTManager.getCompletionsForModule(AbstractASTManager.java:663)
	at org.python.pydev.ast.codecompletion.revisited.AbstractASTManager.getCompletionsForModule(AbstractASTManager.java:654)
	at org.python.pydev.ast.codecompletion.revisited.modules.AbstractModule.internalGenerateCachedTokens(AbstractModule.java:219)
	at org.python.pydev.ast.codecompletion.revisited.modules.AbstractModule.getCachedCompletions(AbstractModule.java:190)
	at org.python.pydev.ast.codecompletion.revisited.modules.AbstractModule.isInGlobalTokens(AbstractModule.java:142)
	at com.python.pydev.analysis.scopeanalysis.AbstractScopeAnalyzerVisitor.markRead(AbstractScopeAnalyzerVisitor.java:1206)
	at com.python.pydev.analysis.scopeanalysis.AbstractScopeAnalyzerVisitor.visitAttribute(AbstractScopeAnalyzerVisitor.java:722)
	at org.python.pydev.parser.jython.ast.Attribute.accept(Attribute.java:87)
	at org.python.pydev.parser.jython.ast.Subscript.traverse(Subscript.java:93)
	at com.python.pydev.analysis.scopeanalysis.AbstractScopeAnalyzerVisitor.traverse(AbstractScopeAnalyzerVisitor.java:197)
	at com.python.pydev.analysis.visitors.OccurrencesVisitor.traverse(OccurrencesVisitor.java:395)
	at org.python.pydev.parser.jython.ast.VisitorBase.visitSubscript(VisitorBase.java:310)
	at org.python.pydev.parser.jython.ast.Subscript.accept(Subscript.java:87)
	at com.python.pydev.analysis.scopeanalysis.AbstractScopeAnalyzerVisitor.visitAssign(AbstractScopeAnalyzerVisitor.java:848)
	at com.python.pydev.analysis.visitors.OccurrencesVisitor.visitAssign(OccurrencesVisitor.java:218)
	at org.python.pydev.parser.jython.ast.Assign.accept(Assign.java:97)
	at org.python.pydev.parser.jython.ast.TryExcept.traverse(TryExcept.java:113)
	at com.python.pydev.analysis.scopeanalysis.AbstractScopeAnalyzerVisitor.traverse(AbstractScopeAnalyzerVisitor.java:197)
	at com.python.pydev.analysis.visitors.OccurrencesVisitor.traverse(OccurrencesVisitor.java:395)
	at org.python.pydev.parser.jython.ast.VisitorBase.visitTryExcept(VisitorBase.java:118)
	at com.python.pydev.analysis.scopeanalysis.AbstractScopeAnalyzerVisitor.visitTryExcept(AbstractScopeAnalyzerVisitor.java:888)
	at org.python.pydev.parser.jython.ast.TryExcept.accept(TryExcept.java:105)
	at com.python.pydev.analysis.scopeanalysis.AbstractScopeAnalyzerVisitor.visitFunctionDef(AbstractScopeAnalyzerVisitor.java:432)
	at org.python.pydev.parser.jython.ast.FunctionDef.accept(FunctionDef.java:131)
	at org.python.pydev.parser.jython.ast.Module.traverse(Module.java:87)
	at com.python.pydev.analysis.scopeanalysis.AbstractScopeAnalyzerVisitor.traverse(AbstractScopeAnalyzerVisitor.java:197)
	at com.python.pydev.analysis.visitors.OccurrencesVisitor.traverse(OccurrencesVisitor.java:395)
	at org.python.pydev.parser.jython.ast.VisitorBase.visitModule(VisitorBase.java:10)
	at org.python.pydev.parser.jython.ast.Module.accept(Module.java:79)
	at com.python.pydev.analysis.OccurrencesAnalyzer.analyzeDocument(OccurrencesAnalyzer.java:60)
	at com.python.pydev.analysis.additionalinfo.builders.AnalysisBuilderRunnable.doAnalysis(AnalysisBuilderRunnable.java:304)
	at com.python.pydev.analysis.additionalinfo.builders.AbstractAnalysisBuilderRunnable.run(AbstractAnalysisBuilderRunnable.java:164)
	at org.python.pydev.core.concurrency.RunnableAsJobsPoolThread$1.run(RunnableAsJobsPoolThread.java:140)
	at org.eclipse.core.internal.jobs.Worker.run(Worker.java:60)

!ENTRY org.python.pydev.shared_core 4 4 2019-03-28 13:33:54.347
!MESSAGE Did not expect to find item below node: Assign[targets=[Name[id=data, ctx=Store, reserved=false]], value=null, type=null] (module: server file: D:\miniServer\MiniServer\src\server.py row: 82).
!STACK 0
java.lang.RuntimeException: Did not expect to find item below node: Assign[targets=[Name[id=data, ctx=Store, reserved=false]], value=null, type=null] (module: server file: D:\miniServer\MiniServer\src\server.py row: 82).
	at org.python.pydev.core.log.Log.log(Log.java:33)
	at org.python.pydev.parser.fastparser.FastDefinitionsParser.endScopesInStack(FastDefinitionsParser.java:626)
	at org.python.pydev.parser.fastparser.FastDefinitionsParser.handleNewLine(FastDefinitionsParser.java:410)
	at org.python.pydev.parser.fastparser.FastDefinitionsParser.extractBody(FastDefinitionsParser.java:259)
	at org.python.pydev.parser.fastparser.FastDefinitionsParser.parse(FastDefinitionsParser.java:693)
	at org.python.pydev.parser.fastparser.FastDefinitionsParser.parse(FastDefinitionsParser.java:687)
	at org.python.pydev.parser.fastparser.FastDefinitionsParser.parse(FastDefinitionsParser.java:678)
	at com.python.pydev.analysis.additionalinfo.builders.AnalysisBuilderVisitor$1.call(AnalysisBuilderVisitor.java:116)
	at com.python.pydev.analysis.additionalinfo.builders.AnalysisBuilderVisitor$1.call(AnalysisBuilderVisitor.java:1)
	at com.python.pydev.analysis.additionalinfo.builders.AnalysisBuilderRunnable.<init>(AnalysisBuilderRunnable.java:170)
	at com.python.pydev.analysis.additionalinfo.builders.AnalysisBuilderRunnableFactory.createRunnable(AnalysisBuilderRunnableFactory.java:222)
	at com.python.pydev.analysis.additionalinfo.builders.AnalysisBuilderVisitor.doVisitChangedResource(AnalysisBuilderVisitor.java:181)
	at com.python.pydev.analysis.additionalinfo.builders.AnalysisBuilderVisitor.visitChangedResource(AnalysisBuilderVisitor.java:130)
	at com.python.pydev.analysis.additionalinfo.builders.AnalysisBuilderVisitor.visitChangedResource(AnalysisBuilderVisitor.java:45)
	at org.python.pydev.ast.builder.PydevGrouperVisitor.visitWith(PydevGrouperVisitor.java:115)
	at org.python.pydev.ast.builder.PydevGrouperVisitor.visitChangedResource(PydevGrouperVisitor.java:166)
	at org.python.pydev.ast.builder.PydevGrouperVisitor.finishDelayedVisits(PydevGrouperVisitor.java:190)
	at org.python.pydev.ast.builder.PyDevBuilder.build(PyDevBuilder.java:130)
	at org.eclipse.core.internal.events.BuildManager$2.run(BuildManager.java:795)
	at org.eclipse.core.runtime.SafeRunner.run(SafeRunner.java:42)
	at org.eclipse.core.internal.events.BuildManager.basicBuild(BuildManager.java:216)
	at org.eclipse.core.internal.events.BuildManager.basicBuild(BuildManager.java:259)
	at org.eclipse.core.internal.events.BuildManager$1.run(BuildManager.java:312)
	at org.eclipse.core.runtime.SafeRunner.run(SafeRunner.java:42)
	at org.eclipse.core.internal.events.BuildManager.basicBuild(BuildManager.java:315)
	at org.eclipse.core.internal.events.BuildManager.basicBuildLoop(BuildManager.java:367)
	at org.eclipse.core.internal.events.BuildManager.build(BuildManager.java:388)
	at org.eclipse.core.internal.events.AutoBuildJob.doBuild(AutoBuildJob.java:142)
	at org.eclipse.core.internal.events.AutoBuildJob.run(AutoBuildJob.java:232)
	at org.eclipse.core.internal.jobs.Worker.run(Worker.java:60)
!SESSION 2019-03-28 15:42:07.739 -----------------------------------------------
eclipse.buildId=unknown
java.version=1.8.0_144
java.vendor=Oracle Corporation
BootLoader constants: OS=win32, ARCH=x86_64, WS=win32, NL=en_US
Command-line arguments:  -os win32 -ws win32 -arch x86_64

!ENTRY org.eclipse.egit.ui 2 0 2019-03-28 15:42:41.651
!MESSAGE Warning: The environment variable HOME is not set. The following directory will be used to store the Git
user global configuration and to define the default location to store repositories: 'C:\Users\ravi'. If this is
not correct please set the HOME environment variable and restart Eclipse. Otherwise Git for Windows and
EGit might behave differently since they see different configuration options.
This warning can be switched off on the Team > Git > Confirmations and Warnings preference page.

!ENTRY org.brainwy.liclipsetext.shared_core 4 4 2019-03-28 15:42:43.276
!MESSAGE C:\Program Files\Brainwy\LiClipse 5.1.3\plugins\com.brainwy.liclipse.editor_5.1.3.201811082122\etc\4qmvtyrr78te7rv5njugg6x70 (The system cannot find the path specified)
!STACK 0
java.io.FileNotFoundException: C:\Program Files\Brainwy\LiClipse 5.1.3\plugins\com.brainwy.liclipse.editor_5.1.3.201811082122\etc\4qmvtyrr78te7rv5njugg6x70 (The system cannot find the path specified)
	at java.io.FileOutputStream.open0(Native Method)
	at java.io.FileOutputStream.open(FileOutputStream.java:270)
	at java.io.FileOutputStream.<init>(FileOutputStream.java:213)
	at java.io.FileOutputStream.<init>(FileOutputStream.java:162)
	at org.brainwy.liclipsetext.shared_core.io.FileUtils.writeBytesToFile(FileUtils.java:140)
	at org.brainwy.liclipsetext.shared_core.io.FileUtils.writeStrToFile(FileUtils.java:133)
	at com.brainwy.liclipse.editor.lic.CheckRegistered.run(CheckRegistered.java:146)
!SESSION 2019-03-29 11:46:51.985 -----------------------------------------------
eclipse.buildId=unknown
java.version=1.8.0_144
java.vendor=Oracle Corporation
BootLoader constants: OS=win32, ARCH=x86_64, WS=win32, NL=en_US
Command-line arguments:  -os win32 -ws win32 -arch x86_64

!ENTRY org.eclipse.egit.ui 2 0 2019-03-29 11:47:27.891
!MESSAGE Warning: The environment variable HOME is not set. The following directory will be used to store the Git
user global configuration and to define the default location to store repositories: 'C:\Users\ravi'. If this is
not correct please set the HOME environment variable and restart Eclipse. Otherwise Git for Windows and
EGit might behave differently since they see different configuration options.
This warning can be switched off on the Team > Git > Confirmations and Warnings preference page.

!ENTRY org.brainwy.liclipsetext.shared_core 4 4 2019-03-29 11:47:40.146
!MESSAGE C:\Program Files\Brainwy\LiClipse 5.1.3\plugins\com.brainwy.liclipse.editor_5.1.3.201811082122\etc\4qmvtyrr78te7rv5njugg6x70 (The system cannot find the path specified)
!STACK 0
java.io.FileNotFoundException: C:\Program Files\Brainwy\LiClipse 5.1.3\plugins\com.brainwy.liclipse.editor_5.1.3.201811082122\etc\4qmvtyrr78te7rv5njugg6x70 (The system cannot find the path specified)
	at java.io.FileOutputStream.open0(Native Method)
	at java.io.FileOutputStream.open(FileOutputStream.java:270)
	at java.io.FileOutputStream.<init>(FileOutputStream.java:213)
	at java.io.FileOutputStream.<init>(FileOutputStream.java:162)
	at org.brainwy.liclipsetext.shared_core.io.FileUtils.writeBytesToFile(FileUtils.java:140)
	at org.brainwy.liclipsetext.shared_core.io.FileUtils.writeStrToFile(FileUtils.java:133)
	at com.brainwy.liclipse.editor.lic.CheckRegistered.run(CheckRegistered.java:146)
!SESSION 2019-04-01 12:16:29.869 -----------------------------------------------
eclipse.buildId=unknown
java.version=1.8.0_144
java.vendor=Oracle Corporation
BootLoader constants: OS=win32, ARCH=x86_64, WS=win32, NL=en_US
Command-line arguments:  -os win32 -ws win32 -arch x86_64

!ENTRY org.eclipse.core.resources 2 10035 2019-04-01 12:16:58.601
!MESSAGE The workspace exited with unsaved changes in the previous session; refreshing workspace to recover changes.

!ENTRY org.eclipse.egit.ui 2 0 2019-04-01 12:17:22.161
!MESSAGE Warning: The environment variable HOME is not set. The following directory will be used to store the Git
user global configuration and to define the default location to store repositories: 'C:\Users\ravi'. If this is
not correct please set the HOME environment variable and restart Eclipse. Otherwise Git for Windows and
EGit might behave differently since they see different configuration options.
This warning can be switched off on the Team > Git > Confirmations and Warnings preference page.

!ENTRY org.brainwy.liclipsetext.shared_core 4 4 2019-04-01 12:17:24.513
!MESSAGE C:\Program Files\Brainwy\LiClipse 5.1.3\plugins\com.brainwy.liclipse.editor_5.1.3.201811082122\etc\4qmvtyrr78te7rv5njugg6x70 (The system cannot find the path specified)
!STACK 0
java.io.FileNotFoundException: C:\Program Files\Brainwy\LiClipse 5.1.3\plugins\com.brainwy.liclipse.editor_5.1.3.201811082122\etc\4qmvtyrr78te7rv5njugg6x70 (The system cannot find the path specified)
	at java.io.FileOutputStream.open0(Native Method)
	at java.io.FileOutputStream.open(FileOutputStream.java:270)
	at java.io.FileOutputStream.<init>(FileOutputStream.java:213)
	at java.io.FileOutputStream.<init>(FileOutputStream.java:162)
	at org.brainwy.liclipsetext.shared_core.io.FileUtils.writeBytesToFile(FileUtils.java:140)
	at org.brainwy.liclipsetext.shared_core.io.FileUtils.writeStrToFile(FileUtils.java:133)
	at com.brainwy.liclipse.editor.lic.CheckRegistered.run(CheckRegistered.java:146)
!SESSION 2019-04-01 13:16:56.194 -----------------------------------------------
eclipse.buildId=unknown
java.version=1.8.0_144
java.vendor=Oracle Corporation
BootLoader constants: OS=win32, ARCH=x86_64, WS=win32, NL=en_US
Command-line arguments:  -os win32 -ws win32 -arch x86_64

!ENTRY org.eclipse.egit.ui 2 0 2019-04-01 13:17:24.543
!MESSAGE Warning: The environment variable HOME is not set. The following directory will be used to store the Git
user global configuration and to define the default location to store repositories: 'C:\Users\ravi'. If this is
not correct please set the HOME environment variable and restart Eclipse. Otherwise Git for Windows and
EGit might behave differently since they see different configuration options.
This warning can be switched off on the Team > Git > Confirmations and Warnings preference page.

!ENTRY org.python.pydev.shared_core 4 4 2019-04-01 13:17:30.113
!MESSAGE The python client still hasn't connected back to the eclipse java vm (will retry...)
!STACK 0
java.lang.RuntimeException: The python client still hasn't connected back to the eclipse java vm (will retry...)
	at org.python.pydev.core.log.Log.log(Log.java:33)
	at org.python.pydev.ast.codecompletion.shell.AbstractShell.startIt(AbstractShell.java:335)
	at org.python.pydev.ast.codecompletion.shell.ShellsContainer.getServerShell(ShellsContainer.java:235)
	at org.python.pydev.ast.codecompletion.shell.ShellsContainer.getServerShell(ShellsContainer.java:167)
	at org.python.pydev.ast.codecompletion.shell.AbstractShell.getServerShell(AbstractShell.java:223)
	at org.python.pydev.ast.codecompletion.revisited.modules.CompiledModule.createInnerFromServer(CompiledModule.java:344)
	at org.python.pydev.ast.codecompletion.revisited.modules.CompiledModule.getGlobalTokens(CompiledModule.java:545)
	at org.python.pydev.ast.codecompletion.revisited.AbstractASTManager.internalGenerateGetCompletionsForModule(AbstractASTManager.java:872)
	at org.python.pydev.ast.codecompletion.revisited.AbstractASTManager.getCompletionsForModule(AbstractASTManager.java:694)
	at org.python.pydev.ast.codecompletion.revisited.AbstractASTManager.getCompletionsForModule(AbstractASTManager.java:663)
	at org.python.pydev.ast.codecompletion.revisited.AbstractASTManager.getCompletionsForModule(AbstractASTManager.java:654)
	at org.python.pydev.ast.codecompletion.revisited.AbstractASTManager.getCompletionsForModule(AbstractASTManager.java:644)
	at org.python.pydev.ast.codecompletion.revisited.AbstractASTManager.internalGenerateGetCompletionsForModule(AbstractASTManager.java:880)
	at org.python.pydev.ast.codecompletion.revisited.AbstractASTManager.getCompletionsForModule(AbstractASTManager.java:694)
	at org.python.pydev.ast.codecompletion.revisited.AbstractASTManager.getCompletionsForModule(AbstractASTManager.java:663)
	at org.python.pydev.ast.codecompletion.revisited.AbstractASTManager.getCompletionsForModule(AbstractASTManager.java:654)
	at org.python.pydev.ast.codecompletion.revisited.AbstractASTManager.getCompletionsForModule(AbstractASTManager.java:644)
	at org.python.pydev.ast.codecompletion.revisited.AbstractASTManager.findTokensOnImportedMods(AbstractASTManager.java:2021)
	at org.python.pydev.ast.codecompletion.revisited.AbstractASTManager.internalGenerateGetCompletionsForModule(AbstractASTManager.java:836)
	at org.python.pydev.ast.codecompletion.revisited.AbstractASTManager.getCompletionsForModule(AbstractASTManager.java:694)
	at org.python.pydev.ast.codecompletion.revisited.AbstractASTManager.getCompletionsForModule(AbstractASTManager.java:663)
	at org.python.pydev.ast.codecompletion.revisited.AbstractASTManager.getCompletionsForModule(AbstractASTManager.java:654)
	at org.python.pydev.ast.codecompletion.revisited.modules.AbstractModule.internalGenerateCachedTokens(AbstractModule.java:219)
	at org.python.pydev.ast.codecompletion.revisited.modules.AbstractModule.getCachedCompletions(AbstractModule.java:190)
	at org.python.pydev.ast.codecompletion.revisited.modules.AbstractModule.isInGlobalTokens(AbstractModule.java:142)
	at com.python.pydev.analysis.scopeanalysis.AbstractScopeAnalyzerVisitor.markRead(AbstractScopeAnalyzerVisitor.java:1206)
	at com.python.pydev.analysis.scopeanalysis.AbstractScopeAnalyzerVisitor.visitAttribute(AbstractScopeAnalyzerVisitor.java:722)
	at org.python.pydev.parser.jython.ast.Attribute.accept(Attribute.java:87)
	at org.python.pydev.parser.jython.ast.Subscript.traverse(Subscript.java:93)
	at com.python.pydev.analysis.scopeanalysis.AbstractScopeAnalyzerVisitor.traverse(AbstractScopeAnalyzerVisitor.java:197)
	at com.python.pydev.analysis.visitors.OccurrencesVisitor.traverse(OccurrencesVisitor.java:395)
	at org.python.pydev.parser.jython.ast.VisitorBase.visitSubscript(VisitorBase.java:310)
	at org.python.pydev.parser.jython.ast.Subscript.accept(Subscript.java:87)
	at com.python.pydev.analysis.scopeanalysis.AbstractScopeAnalyzerVisitor.visitAssign(AbstractScopeAnalyzerVisitor.java:848)
	at com.python.pydev.analysis.visitors.OccurrencesVisitor.visitAssign(OccurrencesVisitor.java:218)
	at org.python.pydev.parser.jython.ast.Assign.accept(Assign.java:97)
	at org.python.pydev.parser.jython.ast.TryExcept.traverse(TryExcept.java:113)
	at com.python.pydev.analysis.scopeanalysis.AbstractScopeAnalyzerVisitor.traverse(AbstractScopeAnalyzerVisitor.java:197)
	at com.python.pydev.analysis.visitors.OccurrencesVisitor.traverse(OccurrencesVisitor.java:395)
	at org.python.pydev.parser.jython.ast.VisitorBase.visitTryExcept(VisitorBase.java:118)
	at com.python.pydev.analysis.scopeanalysis.AbstractScopeAnalyzerVisitor.visitTryExcept(AbstractScopeAnalyzerVisitor.java:888)
	at org.python.pydev.parser.jython.ast.TryExcept.accept(TryExcept.java:105)
	at com.python.pydev.analysis.scopeanalysis.AbstractScopeAnalyzerVisitor.visitFunctionDef(AbstractScopeAnalyzerVisitor.java:432)
	at org.python.pydev.parser.jython.ast.FunctionDef.accept(FunctionDef.java:131)
	at org.python.pydev.parser.jython.ast.Module.traverse(Module.java:87)
	at com.python.pydev.analysis.scopeanalysis.AbstractScopeAnalyzerVisitor.traverse(AbstractScopeAnalyzerVisitor.java:197)
	at com.python.pydev.analysis.visitors.OccurrencesVisitor.traverse(OccurrencesVisitor.java:395)
	at org.python.pydev.parser.jython.ast.VisitorBase.visitModule(VisitorBase.java:10)
	at org.python.pydev.parser.jython.ast.Module.accept(Module.java:79)
	at com.python.pydev.analysis.OccurrencesAnalyzer.analyzeDocument(OccurrencesAnalyzer.java:60)
	at com.python.pydev.analysis.additionalinfo.builders.AnalysisBuilderRunnable.doAnalysis(AnalysisBuilderRunnable.java:304)
	at com.python.pydev.analysis.additionalinfo.builders.AbstractAnalysisBuilderRunnable.run(AbstractAnalysisBuilderRunnable.java:164)
	at org.python.pydev.core.concurrency.RunnableAsJobsPoolThread$1.run(RunnableAsJobsPoolThread.java:140)
	at org.eclipse.core.internal.jobs.Worker.run(Worker.java:60)

!ENTRY org.brainwy.liclipsetext.shared_core 4 4 2019-04-01 13:17:30.686
!MESSAGE C:\Program Files\Brainwy\LiClipse 5.1.3\plugins\com.brainwy.liclipse.editor_5.1.3.201811082122\etc\4qmvtyrr78te7rv5njugg6x70 (The system cannot find the path specified)
!STACK 0
java.io.FileNotFoundException: C:\Program Files\Brainwy\LiClipse 5.1.3\plugins\com.brainwy.liclipse.editor_5.1.3.201811082122\etc\4qmvtyrr78te7rv5njugg6x70 (The system cannot find the path specified)
	at java.io.FileOutputStream.open0(Native Method)
	at java.io.FileOutputStream.open(FileOutputStream.java:270)
	at java.io.FileOutputStream.<init>(FileOutputStream.java:213)
	at java.io.FileOutputStream.<init>(FileOutputStream.java:162)
	at org.brainwy.liclipsetext.shared_core.io.FileUtils.writeBytesToFile(FileUtils.java:140)
	at org.brainwy.liclipsetext.shared_core.io.FileUtils.writeStrToFile(FileUtils.java:133)
	at com.brainwy.liclipse.editor.lic.CheckRegistered.run(CheckRegistered.java:146)

!ENTRY org.python.pydev.shared_core 4 4 2019-04-01 13:17:30.686
!MESSAGE Error checking for valid tokens (imports) for server
!STACK 0
org.python.pydev.core.structure.CompletionRecursionException: Stopping analysis: completion took too much time to complete. Max set to: 5000 millis. Current: 7760 millis. Note: this value may be changed in the code-completion preferences.
	at org.python.pydev.ast.codecompletion.revisited.CompletionState.checkMaxTimeForCompletion(CompletionState.java:291)
	at org.python.pydev.ast.codecompletion.revisited.CompletionStateWrapper.checkMaxTimeForCompletion(CompletionStateWrapper.java:99)
	at org.python.pydev.ast.codecompletion.revisited.AbstractASTManager.getAssignCompletions(AbstractASTManager.java:1646)
	at org.python.pydev.ast.codecompletion.revisited.AbstractASTManager.internalGenerateGetCompletionsForModule(AbstractASTManager.java:932)
	at org.python.pydev.ast.codecompletion.revisited.AbstractASTManager.getCompletionsForModule(AbstractASTManager.java:694)
	at org.python.pydev.ast.codecompletion.revisited.AbstractASTManager.getCompletionsForModule(AbstractASTManager.java:663)
	at org.python.pydev.ast.codecompletion.revisited.AbstractASTManager.getCompletionsForModule(AbstractASTManager.java:654)
	at org.python.pydev.ast.codecompletion.revisited.AbstractASTManager.getCompletionsForModule(AbstractASTManager.java:644)
	at org.python.pydev.ast.codecompletion.revisited.AbstractASTManager.internalGenerateGetCompletionsForModule(AbstractASTManager.java:880)
	at org.python.pydev.ast.codecompletion.revisited.AbstractASTManager.getCompletionsForModule(AbstractASTManager.java:694)
	at org.python.pydev.ast.codecompletion.revisited.AbstractASTManager.getCompletionsForModule(AbstractASTManager.java:663)
	at org.python.pydev.ast.codecompletion.revisited.AbstractASTManager.getCompletionsForModule(AbstractASTManager.java:654)
	at org.python.pydev.ast.codecompletion.revisited.AbstractASTManager.getCompletionsForModule(AbstractASTManager.java:644)
	at org.python.pydev.ast.codecompletion.revisited.AbstractASTManager.findTokensOnImportedMods(AbstractASTManager.java:2021)
	at org.python.pydev.ast.codecompletion.revisited.AbstractASTManager.internalGenerateGetCompletionsForModule(AbstractASTManager.java:836)
	at org.python.pydev.ast.codecompletion.revisited.AbstractASTManager.getCompletionsForModule(AbstractASTManager.java:694)
	at org.python.pydev.ast.codecompletion.revisited.AbstractASTManager.getCompletionsForModule(AbstractASTManager.java:663)
	at org.python.pydev.ast.codecompletion.revisited.AbstractASTManager.getCompletionsForModule(AbstractASTManager.java:654)
	at org.python.pydev.ast.codecompletion.revisited.modules.AbstractModule.internalGenerateCachedTokens(AbstractModule.java:219)
	at org.python.pydev.ast.codecompletion.revisited.modules.AbstractModule.getCachedCompletions(AbstractModule.java:190)
	at org.python.pydev.ast.codecompletion.revisited.modules.AbstractModule.isInGlobalTokens(AbstractModule.java:142)
	at com.python.pydev.analysis.scopeanalysis.AbstractScopeAnalyzerVisitor.markRead(AbstractScopeAnalyzerVisitor.java:1206)
	at com.python.pydev.analysis.scopeanalysis.AbstractScopeAnalyzerVisitor.visitAttribute(AbstractScopeAnalyzerVisitor.java:722)
	at org.python.pydev.parser.jython.ast.Attribute.accept(Attribute.java:87)
	at org.python.pydev.parser.jython.ast.Subscript.traverse(Subscript.java:93)
	at com.python.pydev.analysis.scopeanalysis.AbstractScopeAnalyzerVisitor.traverse(AbstractScopeAnalyzerVisitor.java:197)
	at com.python.pydev.analysis.visitors.OccurrencesVisitor.traverse(OccurrencesVisitor.java:395)
	at org.python.pydev.parser.jython.ast.VisitorBase.visitSubscript(VisitorBase.java:310)
	at org.python.pydev.parser.jython.ast.Subscript.accept(Subscript.java:87)
	at com.python.pydev.analysis.scopeanalysis.AbstractScopeAnalyzerVisitor.visitAssign(AbstractScopeAnalyzerVisitor.java:848)
	at com.python.pydev.analysis.visitors.OccurrencesVisitor.visitAssign(OccurrencesVisitor.java:218)
	at org.python.pydev.parser.jython.ast.Assign.accept(Assign.java:97)
	at org.python.pydev.parser.jython.ast.TryExcept.traverse(TryExcept.java:113)
	at com.python.pydev.analysis.scopeanalysis.AbstractScopeAnalyzerVisitor.traverse(AbstractScopeAnalyzerVisitor.java:197)
	at com.python.pydev.analysis.visitors.OccurrencesVisitor.traverse(OccurrencesVisitor.java:395)
	at org.python.pydev.parser.jython.ast.VisitorBase.visitTryExcept(VisitorBase.java:118)
	at com.python.pydev.analysis.scopeanalysis.AbstractScopeAnalyzerVisitor.visitTryExcept(AbstractScopeAnalyzerVisitor.java:888)
	at org.python.pydev.parser.jython.ast.TryExcept.accept(TryExcept.java:105)
	at com.python.pydev.analysis.scopeanalysis.AbstractScopeAnalyzerVisitor.visitFunctionDef(AbstractScopeAnalyzerVisitor.java:432)
	at org.python.pydev.parser.jython.ast.FunctionDef.accept(FunctionDef.java:131)
	at org.python.pydev.parser.jython.ast.Module.traverse(Module.java:87)
	at com.python.pydev.analysis.scopeanalysis.AbstractScopeAnalyzerVisitor.traverse(AbstractScopeAnalyzerVisitor.java:197)
	at com.python.pydev.analysis.visitors.OccurrencesVisitor.traverse(OccurrencesVisitor.java:395)
	at org.python.pydev.parser.jython.ast.VisitorBase.visitModule(VisitorBase.java:10)
	at org.python.pydev.parser.jython.ast.Module.accept(Module.java:79)
	at com.python.pydev.analysis.OccurrencesAnalyzer.analyzeDocument(OccurrencesAnalyzer.java:60)
	at com.python.pydev.analysis.additionalinfo.builders.AnalysisBuilderRunnable.doAnalysis(AnalysisBuilderRunnable.java:304)
	at com.python.pydev.analysis.additionalinfo.builders.AbstractAnalysisBuilderRunnable.run(AbstractAnalysisBuilderRunnable.java:164)
	at org.python.pydev.core.concurrency.RunnableAsJobsPoolThread$1.run(RunnableAsJobsPoolThread.java:140)
	at org.eclipse.core.internal.jobs.Worker.run(Worker.java:60)
!SESSION 2019-04-01 14:16:29.819 -----------------------------------------------
eclipse.buildId=unknown
java.version=1.8.0_144
java.vendor=Oracle Corporation
BootLoader constants: OS=win32, ARCH=x86_64, WS=win32, NL=en_US
Command-line arguments:  -os win32 -ws win32 -arch x86_64

!ENTRY org.eclipse.egit.ui 2 0 2019-04-01 14:17:03.068
!MESSAGE Warning: The environment variable HOME is not set. The following directory will be used to store the Git
user global configuration and to define the default location to store repositories: 'C:\Users\ravi'. If this is
not correct please set the HOME environment variable and restart Eclipse. Otherwise Git for Windows and
EGit might behave differently since they see different configuration options.
This warning can be switched off on the Team > Git > Confirmations and Warnings preference page.

!ENTRY org.brainwy.liclipsetext.shared_core 4 4 2019-04-01 14:17:04.708
!MESSAGE C:\Program Files\Brainwy\LiClipse 5.1.3\plugins\com.brainwy.liclipse.editor_5.1.3.201811082122\etc\4qmvtyrr78te7rv5njugg6x70 (The system cannot find the path specified)
!STACK 0
java.io.FileNotFoundException: C:\Program Files\Brainwy\LiClipse 5.1.3\plugins\com.brainwy.liclipse.editor_5.1.3.201811082122\etc\4qmvtyrr78te7rv5njugg6x70 (The system cannot find the path specified)
	at java.io.FileOutputStream.open0(Native Method)
	at java.io.FileOutputStream.open(FileOutputStream.java:270)
	at java.io.FileOutputStream.<init>(FileOutputStream.java:213)
	at java.io.FileOutputStream.<init>(FileOutputStream.java:162)
	at org.brainwy.liclipsetext.shared_core.io.FileUtils.writeBytesToFile(FileUtils.java:140)
	at org.brainwy.liclipsetext.shared_core.io.FileUtils.writeStrToFile(FileUtils.java:133)
	at com.brainwy.liclipse.editor.lic.CheckRegistered.run(CheckRegistered.java:146)
!SESSION 2019-04-12 13:51:24.551 -----------------------------------------------
eclipse.buildId=unknown
java.version=1.8.0_144
java.vendor=Oracle Corporation
BootLoader constants: OS=win32, ARCH=x86_64, WS=win32, NL=en_US
Command-line arguments:  -os win32 -ws win32 -arch x86_64

!ENTRY org.eclipse.egit.ui 2 0 2019-04-12 13:51:56.343
!MESSAGE Warning: The environment variable HOME is not set. The following directory will be used to store the Git
user global configuration and to define the default location to store repositories: 'C:\Users\ravi'. If this is
not correct please set the HOME environment variable and restart Eclipse. Otherwise Git for Windows and
EGit might behave differently since they see different configuration options.
This warning can be switched off on the Team > Git > Confirmations and Warnings preference page.

!ENTRY org.brainwy.liclipsetext.shared_core 4 4 2019-04-12 13:52:00.364
!MESSAGE C:\Program Files\Brainwy\LiClipse 5.1.3\plugins\com.brainwy.liclipse.editor_5.1.3.201811082122\etc\4qmvtyrr78te7rv5njugg6x70 (The system cannot find the path specified)
!STACK 0
java.io.FileNotFoundException: C:\Program Files\Brainwy\LiClipse 5.1.3\plugins\com.brainwy.liclipse.editor_5.1.3.201811082122\etc\4qmvtyrr78te7rv5njugg6x70 (The system cannot find the path specified)
	at java.io.FileOutputStream.open0(Native Method)
	at java.io.FileOutputStream.open(FileOutputStream.java:270)
	at java.io.FileOutputStream.<init>(FileOutputStream.java:213)
	at java.io.FileOutputStream.<init>(FileOutputStream.java:162)
	at org.brainwy.liclipsetext.shared_core.io.FileUtils.writeBytesToFile(FileUtils.java:140)
	at org.brainwy.liclipsetext.shared_core.io.FileUtils.writeStrToFile(FileUtils.java:133)
	at com.brainwy.liclipse.editor.lic.CheckRegistered.run(CheckRegistered.java:146)
!SESSION 2019-04-13 18:14:05.824 -----------------------------------------------
eclipse.buildId=unknown
java.version=1.8.0_144
java.vendor=Oracle Corporation
BootLoader constants: OS=win32, ARCH=x86_64, WS=win32, NL=en_US
Command-line arguments:  -os win32 -ws win32 -arch x86_64

!ENTRY org.eclipse.egit.ui 2 0 2019-04-13 18:21:42.140
!MESSAGE Warning: The environment variable HOME is not set. The following directory will be used to store the Git
user global configuration and to define the default location to store repositories: 'C:\Users\ravi'. If this is
not correct please set the HOME environment variable and restart Eclipse. Otherwise Git for Windows and
EGit might behave differently since they see different configuration options.
This warning can be switched off on the Team > Git > Confirmations and Warnings preference page.

!ENTRY org.brainwy.liclipsetext.shared_core 4 4 2019-04-13 18:21:44.124
!MESSAGE C:\Program Files\Brainwy\LiClipse 5.1.3\plugins\com.brainwy.liclipse.editor_5.1.3.201811082122\etc\4qmvtyrr78te7rv5njugg6x70 (The system cannot find the path specified)
!STACK 0
java.io.FileNotFoundException: C:\Program Files\Brainwy\LiClipse 5.1.3\plugins\com.brainwy.liclipse.editor_5.1.3.201811082122\etc\4qmvtyrr78te7rv5njugg6x70 (The system cannot find the path specified)
	at java.io.FileOutputStream.open0(Native Method)
	at java.io.FileOutputStream.open(FileOutputStream.java:270)
	at java.io.FileOutputStream.<init>(FileOutputStream.java:213)
	at java.io.FileOutputStream.<init>(FileOutputStream.java:162)
	at org.brainwy.liclipsetext.shared_core.io.FileUtils.writeBytesToFile(FileUtils.java:140)
	at org.brainwy.liclipsetext.shared_core.io.FileUtils.writeStrToFile(FileUtils.java:133)
	at com.brainwy.liclipse.editor.lic.CheckRegistered.run(CheckRegistered.java:146)

!ENTRY org.python.pydev.shared_core 4 4 2019-04-14 16:38:57.063
!MESSAGE ERROR reading shell. Message sent: @@SEARCHsocket.SOCK_STREAM
END@@

ProcessInfo:

 - Executed: C:\Users\ravi\AppData\Local\Programs\Python\Python37-32\python.exe -u C:\Program Files\Brainwy\LiClipse 5.1.3\plugins\org.python.pydev.core_7.0.3.201811082122\pysrc\pycompletionserver.py 57406

 - Environment:
ALLUSERSPROFILE=C:\ProgramData
APPDATA=C:\Users\ravi\AppData\Roaming
COMMONPROGRAMFILES(X86)=C:\Program Files (x86)\Common Files
COMMONPROGRAMFILES=C:\Program Files\Common Files
COMMONPROGRAMW6432=C:\Program Files\Common Files
COMPUTERNAME=USER
COMSPEC=C:\Windows\system32\cmd.exe
FP_NO_HOST_CHECK=NO
HOMEDRIVE=C:
HOMEPATH=\Users\ravi
LOCALAPPDATA=C:\Users\ravi\AppData\Local
LOGONSERVER=\\USER
MSMPI_BIN=C:\Program Files\Microsoft MPI\Bin\
NUMBER_OF_PROCESSORS=4
OS=Windows_NT
PATH=C:/Program Files/Brainwy/LiClipse 5.1.3/jre/bin/server;C:/Program Files/Brainwy/LiClipse 5.1.3/jre/bin;C:/Program Files/Brainwy/LiClipse 5.1.3/jre/lib/amd64;C:\Program Files\Microsoft MPI\Bin\;C:\Windows\system32;C:\Windows;C:\Windows\System32\Wbem;C:\Windows\System32\WindowsPowerShell\v1.0\;C:\jdk\bin;C:\Program Files\dotnet\;C:\Program Files\Microsoft SQL Server\130\Tools\Binn\;C:\Program Files\Microsoft SQL Server\Client SDK\ODBC\110\Tools\Binn\;C:\Program Files (x86)\Microsoft SQL Server\120\Tools\Binn\;C:\Program Files\Microsoft SQL Server\120\Tools\Binn\;C:\Program Files\Microsoft SQL Server\120\DTS\Binn\;C:\Program Files (x86)\Microsoft SQL Server\120\Tools\Binn\ManagementStudio\;C:\Program Files (x86)\Microsoft SQL Server\120\DTS\Binn\;C:\Users\ravi\AppData\Local\Programs\Python\Python37-32\Scripts\;C:\Users\ravi\AppData\Local\Programs\Python\Python37-32\;C:\Program Files\Brainwy\LiClipse 5.1.3;
PATHEXT=.COM;.EXE;.BAT;.CMD;.VBS;.VBE;.JS;.JSE;.WSF;.WSH;.MSC
PROCESSOR_ARCHITECTURE=AMD64
PROCESSOR_IDENTIFIER=Intel64 Family 6 Model 69 Stepping 1, GenuineIntel
PROCESSOR_LEVEL=6
PROCESSOR_REVISION=4501
PROGRAMDATA=C:\ProgramData
PROGRAMFILES(X86)=C:\Program Files (x86)
PROGRAMFILES=C:\Program Files
PROGRAMW6432=C:\Program Files
PROMPT=$P$G
PSMODULEPATH=C:\Windows\system32\WindowsPowerShell\v1.0\Modules\;C:\Program Files\WindowsPowerShell\Modules\;C:\Program Files (x86)\Microsoft SDKs\Azure\PowerShell\ResourceManager\AzureResourceManager\;C:\Program Files (x86)\Microsoft SDKs\Azure\PowerShell\ServiceManagement\;C:\Program Files (x86)\Microsoft SDKs\Azure\PowerShell\Storage\;C:\Program Files (x86)\Microsoft SQL Server\120\Tools\PowerShell\Modules\
PUBLIC=C:\Users\Public
PYTHONPATH=C:\Program Files\Brainwy\LiClipse 5.1.3\plugins\org.python.pydev.core_7.0.3.201811082122\pysrc\pydev_sitecustomize;C:\Users\ravi\AppData\Local\Programs\Python\Python37-32\DLLs;C:\Users\ravi\AppData\Local\Programs\Python\Python37-32\lib;C:\Users\ravi\AppData\Local\Programs\Python\Python37-32;C:\Users\ravi\AppData\Local\Programs\Python\Python37-32\lib\site-packages;C:\Users\ravi\AppData\Local\Programs\Python\Python37-32\lib\site-packages\win32;C:\Users\ravi\AppData\Local\Programs\Python\Python37-32\lib\site-packages\win32\lib;C:\Users\ravi\AppData\Local\Programs\Python\Python37-32\lib\site-packages\Pythonwin
SESSIONNAME=Console
SYSTEMDRIVE=C:
SYSTEMROOT=C:\Windows
TEMP=C:\Users\ravi\AppData\Local\Temp
TMP=C:\Users\ravi\AppData\Local\Temp
USERDOMAIN=user
USERDOMAIN_ROAMINGPROFILE=user
USERNAME=ravi
USERPROFILE=C:\Users\ravi
WINDIR=C:\Windows

 - Working Dir:
C:\Program Files\Brainwy\LiClipse 5.1.3\plugins\org.python.pydev.core_7.0.3.201811082122\pysrc

 - OS:
Windows 8.1

 - Std output:


 - Err output:

!STACK 0
java.io.IOException: An existing connection was forcibly closed by the remote host
	at sun.nio.ch.SocketDispatcher.write0(Native Method)
	at sun.nio.ch.SocketDispatcher.write(SocketDispatcher.java:51)
	at sun.nio.ch.IOUtil.writeFromNativeBuffer(IOUtil.java:93)
	at sun.nio.ch.IOUtil.write(IOUtil.java:65)
	at sun.nio.ch.SocketChannelImpl.write(SocketChannelImpl.java:471)
	at java.nio.channels.Channels.writeFullyImpl(Channels.java:78)
	at java.nio.channels.Channels.writeFully(Channels.java:98)
	at java.nio.channels.Channels.access$000(Channels.java:61)
	at java.nio.channels.Channels$1.write(Channels.java:174)
	at java.io.OutputStream.write(OutputStream.java:75)
	at org.python.pydev.ast.codecompletion.shell.AbstractShell.write(AbstractShell.java:545)
	at org.python.pydev.ast.codecompletion.shell.AbstractShell.writeAndGetResults(AbstractShell.java:692)
	at org.python.pydev.ast.codecompletion.shell.AbstractShell.getLineCol(AbstractShell.java:777)
	at org.python.pydev.ast.codecompletion.revisited.modules.CompiledModule.findDefinition(CompiledModule.java:611)
	at org.python.pydev.ast.codecompletion.revisited.modules.CompiledModule.findDefinition(CompiledModule.java:1)
	at org.python.pydev.ast.codecompletion.revisited.modules.SourceModule.findDefinition(SourceModule.java:1072)
	at org.python.pydev.ast.codecompletion.revisited.modules.SourceModule.findDefinition(SourceModule.java:758)
	at org.python.pydev.ast.codecompletion.revisited.modules.SourceModule.findDefinition(SourceModule.java:1)
	at org.python.pydev.ast.refactoring.PyRefactoringFindDefinition.findActualDefinition(PyRefactoringFindDefinition.java:185)
	at org.python.pydev.ast.refactoring.PyRefactoringFindDefinition.findActualDefinition(PyRefactoringFindDefinition.java:84)
	at org.python.pydev.editor.hover.PyDocstringTextHover.getDocstringHover(PyDocstringTextHover.java:101)
	at org.python.pydev.editor.hover.PyDocstringTextHover.getHoverInfo(PyDocstringTextHover.java:59)
	at org.python.pydev.editor.hover.PydevCombiningHover.getHoverInfo(PydevCombiningHover.java:141)
	at org.python.pydev.editor.hover.PyEditorTextHoverProxy.getHoverInfo(PyEditorTextHoverProxy.java:59)
	at org.eclipse.jface.text.TextViewerHoverManager$4.run(TextViewerHoverManager.java:168)
!SESSION 2019-04-15 23:53:44.633 -----------------------------------------------
eclipse.buildId=unknown
java.version=1.8.0_144
java.vendor=Oracle Corporation
BootLoader constants: OS=win32, ARCH=x86_64, WS=win32, NL=en_US
Command-line arguments:  -os win32 -ws win32 -arch x86_64

!ENTRY org.python.pydev.shared_core 4 4 2019-04-15 23:55:43.961
!MESSAGE The python client still hasn't connected back to the eclipse java vm (will retry...)
!STACK 0
java.lang.RuntimeException: The python client still hasn't connected back to the eclipse java vm (will retry...)
	at org.python.pydev.core.log.Log.log(Log.java:33)
	at org.python.pydev.ast.codecompletion.shell.AbstractShell.startIt(AbstractShell.java:335)
	at org.python.pydev.ast.codecompletion.shell.ShellsContainer.getServerShell(ShellsContainer.java:235)
	at org.python.pydev.ast.codecompletion.shell.ShellsContainer.getServerShell(ShellsContainer.java:167)
	at org.python.pydev.ast.codecompletion.shell.AbstractShell.getServerShell(AbstractShell.java:223)
	at org.python.pydev.editor.PyEdit$2.run(PyEdit.java:566)

!ENTRY org.eclipse.egit.ui 2 0 2019-04-15 23:55:46.700
!MESSAGE Warning: The environment variable HOME is not set. The following directory will be used to store the Git
user global configuration and to define the default location to store repositories: 'C:\Users\ravi'. If this is
not correct please set the HOME environment variable and restart Eclipse. Otherwise Git for Windows and
EGit might behave differently since they see different configuration options.
This warning can be switched off on the Team > Git > Confirmations and Warnings preference page.

!ENTRY org.brainwy.liclipsetext.shared_core 4 4 2019-04-15 23:55:55.553
!MESSAGE C:\Program Files\Brainwy\LiClipse 5.1.3\plugins\com.brainwy.liclipse.editor_5.1.3.201811082122\etc\4qmvtyrr78te7rv5njugg6x70 (The system cannot find the path specified)
!STACK 0
java.io.FileNotFoundException: C:\Program Files\Brainwy\LiClipse 5.1.3\plugins\com.brainwy.liclipse.editor_5.1.3.201811082122\etc\4qmvtyrr78te7rv5njugg6x70 (The system cannot find the path specified)
	at java.io.FileOutputStream.open0(Native Method)
	at java.io.FileOutputStream.open(FileOutputStream.java:270)
	at java.io.FileOutputStream.<init>(FileOutputStream.java:213)
	at java.io.FileOutputStream.<init>(FileOutputStream.java:162)
	at org.brainwy.liclipsetext.shared_core.io.FileUtils.writeBytesToFile(FileUtils.java:140)
	at org.brainwy.liclipsetext.shared_core.io.FileUtils.writeStrToFile(FileUtils.java:133)
	at com.brainwy.liclipse.editor.lic.CheckRegistered.run(CheckRegistered.java:146)

!ENTRY org.python.pydev.shared_core 4 4 2019-04-15 23:55:55.616
!MESSAGE Error checking for valid tokens (imports) for server
!STACK 0
org.python.pydev.core.structure.CompletionRecursionException: Stopping analysis: completion took too much time to complete. Max set to: 5000 millis. Current: 6023 millis. Note: this value may be changed in the code-completion preferences.
	at org.python.pydev.ast.codecompletion.revisited.CompletionState.checkMaxTimeForCompletion(CompletionState.java:291)
	at org.python.pydev.ast.codecompletion.revisited.CompletionStateWrapper.checkMaxTimeForCompletion(CompletionStateWrapper.java:99)
	at org.python.pydev.ast.codecompletion.revisited.AbstractASTManager.getAssignCompletions(AbstractASTManager.java:1646)
	at org.python.pydev.ast.codecompletion.revisited.AbstractASTManager.internalGenerateGetCompletionsForModule(AbstractASTManager.java:932)
	at org.python.pydev.ast.codecompletion.revisited.AbstractASTManager.getCompletionsForModule(AbstractASTManager.java:694)
	at org.python.pydev.ast.codecompletion.revisited.AbstractASTManager.getCompletionsForModule(AbstractASTManager.java:663)
	at org.python.pydev.ast.codecompletion.revisited.AbstractASTManager.getCompletionsForModule(AbstractASTManager.java:654)
	at org.python.pydev.ast.codecompletion.revisited.AbstractASTManager.getCompletionsForModule(AbstractASTManager.java:644)
	at org.python.pydev.ast.codecompletion.revisited.AbstractASTManager.internalGenerateGetCompletionsForModule(AbstractASTManager.java:880)
	at org.python.pydev.ast.codecompletion.revisited.AbstractASTManager.getCompletionsForModule(AbstractASTManager.java:694)
	at org.python.pydev.ast.codecompletion.revisited.AbstractASTManager.getCompletionsForModule(AbstractASTManager.java:663)
	at org.python.pydev.ast.codecompletion.revisited.AbstractASTManager.getCompletionsForModule(AbstractASTManager.java:654)
	at org.python.pydev.ast.codecompletion.revisited.AbstractASTManager.getCompletionsForModule(AbstractASTManager.java:644)
	at org.python.pydev.ast.codecompletion.revisited.AbstractASTManager.findTokensOnImportedMods(AbstractASTManager.java:2021)
	at org.python.pydev.ast.codecompletion.revisited.AbstractASTManager.internalGenerateGetCompletionsForModule(AbstractASTManager.java:836)
	at org.python.pydev.ast.codecompletion.revisited.AbstractASTManager.getCompletionsForModule(AbstractASTManager.java:694)
	at org.python.pydev.ast.codecompletion.revisited.AbstractASTManager.getCompletionsForModule(AbstractASTManager.java:663)
	at org.python.pydev.ast.codecompletion.revisited.AbstractASTManager.getCompletionsForModule(AbstractASTManager.java:654)
	at org.python.pydev.ast.codecompletion.revisited.modules.AbstractModule.internalGenerateCachedTokens(AbstractModule.java:219)
	at org.python.pydev.ast.codecompletion.revisited.modules.AbstractModule.getCachedCompletions(AbstractModule.java:190)
	at org.python.pydev.ast.codecompletion.revisited.modules.AbstractModule.isInGlobalTokens(AbstractModule.java:142)
	at com.python.pydev.analysis.scopeanalysis.AbstractScopeAnalyzerVisitor.markRead(AbstractScopeAnalyzerVisitor.java:1206)
	at com.python.pydev.analysis.scopeanalysis.AbstractScopeAnalyzerVisitor.visitAttribute(AbstractScopeAnalyzerVisitor.java:722)
	at org.python.pydev.parser.jython.ast.Attribute.accept(Attribute.java:87)
	at org.python.pydev.parser.jython.ast.Subscript.traverse(Subscript.java:93)
	at com.python.pydev.analysis.scopeanalysis.AbstractScopeAnalyzerVisitor.traverse(AbstractScopeAnalyzerVisitor.java:197)
	at com.python.pydev.analysis.visitors.OccurrencesVisitor.traverse(OccurrencesVisitor.java:395)
	at org.python.pydev.parser.jython.ast.VisitorBase.visitSubscript(VisitorBase.java:310)
	at org.python.pydev.parser.jython.ast.Subscript.accept(Subscript.java:87)
	at com.python.pydev.analysis.scopeanalysis.AbstractScopeAnalyzerVisitor.visitAssign(AbstractScopeAnalyzerVisitor.java:848)
	at com.python.pydev.analysis.visitors.OccurrencesVisitor.visitAssign(OccurrencesVisitor.java:218)
	at org.python.pydev.parser.jython.ast.Assign.accept(Assign.java:97)
	at org.python.pydev.parser.jython.ast.TryExcept.traverse(TryExcept.java:113)
	at com.python.pydev.analysis.scopeanalysis.AbstractScopeAnalyzerVisitor.traverse(AbstractScopeAnalyzerVisitor.java:197)
	at com.python.pydev.analysis.visitors.OccurrencesVisitor.traverse(OccurrencesVisitor.java:395)
	at org.python.pydev.parser.jython.ast.VisitorBase.visitTryExcept(VisitorBase.java:118)
	at com.python.pydev.analysis.scopeanalysis.AbstractScopeAnalyzerVisitor.visitTryExcept(AbstractScopeAnalyzerVisitor.java:888)
	at org.python.pydev.parser.jython.ast.TryExcept.accept(TryExcept.java:105)
	at com.python.pydev.analysis.scopeanalysis.AbstractScopeAnalyzerVisitor.visitFunctionDef(AbstractScopeAnalyzerVisitor.java:432)
	at org.python.pydev.parser.jython.ast.FunctionDef.accept(FunctionDef.java:131)
	at org.python.pydev.parser.jython.ast.Module.traverse(Module.java:87)
	at com.python.pydev.analysis.scopeanalysis.AbstractScopeAnalyzerVisitor.traverse(AbstractScopeAnalyzerVisitor.java:197)
	at com.python.pydev.analysis.visitors.OccurrencesVisitor.traverse(OccurrencesVisitor.java:395)
	at org.python.pydev.parser.jython.ast.VisitorBase.visitModule(VisitorBase.java:10)
	at org.python.pydev.parser.jython.ast.Module.accept(Module.java:79)
	at com.python.pydev.analysis.OccurrencesAnalyzer.analyzeDocument(OccurrencesAnalyzer.java:60)
	at com.python.pydev.analysis.additionalinfo.builders.AnalysisBuilderRunnable.doAnalysis(AnalysisBuilderRunnable.java:304)
	at com.python.pydev.analysis.additionalinfo.builders.AbstractAnalysisBuilderRunnable.run(AbstractAnalysisBuilderRunnable.java:164)
	at org.python.pydev.core.concurrency.RunnableAsJobsPoolThread$1.run(RunnableAsJobsPoolThread.java:140)
	at org.eclipse.core.internal.jobs.Worker.run(Worker.java:60)
!SESSION 2019-04-17 11:59:38.754 -----------------------------------------------
eclipse.buildId=unknown
java.version=1.8.0_144
java.vendor=Oracle Corporation
BootLoader constants: OS=win32, ARCH=x86_64, WS=win32, NL=en_US
Command-line arguments:  -os win32 -ws win32 -arch x86_64

!ENTRY org.brainwy.liclipsetext.shared_core 4 4 2019-04-17 12:00:39.034
!MESSAGE C:\Program Files\Brainwy\LiClipse 5.1.3\plugins\com.brainwy.liclipse.editor_5.1.3.201811082122\etc\4qmvtyrr78te7rv5njugg6x70 (The system cannot find the path specified)
!STACK 0
java.io.FileNotFoundException: C:\Program Files\Brainwy\LiClipse 5.1.3\plugins\com.brainwy.liclipse.editor_5.1.3.201811082122\etc\4qmvtyrr78te7rv5njugg6x70 (The system cannot find the path specified)
	at java.io.FileOutputStream.open0(Native Method)
	at java.io.FileOutputStream.open(FileOutputStream.java:270)
	at java.io.FileOutputStream.<init>(FileOutputStream.java:213)
	at java.io.FileOutputStream.<init>(FileOutputStream.java:162)
	at org.brainwy.liclipsetext.shared_core.io.FileUtils.writeBytesToFile(FileUtils.java:140)
	at org.brainwy.liclipsetext.shared_core.io.FileUtils.writeStrToFile(FileUtils.java:133)
	at com.brainwy.liclipse.editor.lic.CheckRegistered.run(CheckRegistered.java:146)

!ENTRY org.eclipse.egit.ui 2 0 2019-04-17 12:00:39.530
!MESSAGE Warning: The environment variable HOME is not set. The following directory will be used to store the Git
user global configuration and to define the default location to store repositories: 'C:\Users\ravi'. If this is
not correct please set the HOME environment variable and restart Eclipse. Otherwise Git for Windows and
EGit might behave differently since they see different configuration options.
This warning can be switched off on the Team > Git > Confirmations and Warnings preference page.
!SESSION 2019-04-17 12:11:10.253 -----------------------------------------------
eclipse.buildId=unknown
java.version=1.8.0_144
java.vendor=Oracle Corporation
BootLoader constants: OS=win32, ARCH=x86_64, WS=win32, NL=en_US
Command-line arguments:  -os win32 -ws win32 -arch x86_64

!ENTRY org.eclipse.egit.ui 2 0 2019-04-17 12:11:33.525
!MESSAGE Warning: The environment variable HOME is not set. The following directory will be used to store the Git
user global configuration and to define the default location to store repositories: 'C:\Users\ravi'. If this is
not correct please set the HOME environment variable and restart Eclipse. Otherwise Git for Windows and
EGit might behave differently since they see different configuration options.
This warning can be switched off on the Team > Git > Confirmations and Warnings preference page.

!ENTRY org.brainwy.liclipsetext.shared_core 4 4 2019-04-17 12:11:35.525
!MESSAGE C:\Program Files\Brainwy\LiClipse 5.1.3\plugins\com.brainwy.liclipse.editor_5.1.3.201811082122\etc\4qmvtyrr78te7rv5njugg6x70 (The system cannot find the path specified)
!STACK 0
java.io.FileNotFoundException: C:\Program Files\Brainwy\LiClipse 5.1.3\plugins\com.brainwy.liclipse.editor_5.1.3.201811082122\etc\4qmvtyrr78te7rv5njugg6x70 (The system cannot find the path specified)
	at java.io.FileOutputStream.open0(Native Method)
	at java.io.FileOutputStream.open(FileOutputStream.java:270)
	at java.io.FileOutputStream.<init>(FileOutputStream.java:213)
	at java.io.FileOutputStream.<init>(FileOutputStream.java:162)
	at org.brainwy.liclipsetext.shared_core.io.FileUtils.writeBytesToFile(FileUtils.java:140)
	at org.brainwy.liclipsetext.shared_core.io.FileUtils.writeStrToFile(FileUtils.java:133)
	at com.brainwy.liclipse.editor.lic.CheckRegistered.run(CheckRegistered.java:146)
!SESSION 2019-04-26 12:05:36.047 -----------------------------------------------
eclipse.buildId=unknown
java.version=1.8.0_144
java.vendor=Oracle Corporation
BootLoader constants: OS=win32, ARCH=x86_64, WS=win32, NL=en_US
Command-line arguments:  -os win32 -ws win32 -arch x86_64 -data file:/D:/miniServer/

!ENTRY org.eclipse.egit.ui 2 0 2019-04-26 12:06:27.274
!MESSAGE Warning: The environment variable HOME is not set. The following directory will be used to store the Git
user global configuration and to define the default location to store repositories: 'C:\Users\ravi'. If this is
not correct please set the HOME environment variable and restart Eclipse. Otherwise Git for Windows and
EGit might behave differently since they see different configuration options.
This warning can be switched off on the Team > Git > Confirmations and Warnings preference page.

!ENTRY org.python.pydev.shared_core 4 4 2019-04-26 12:06:28.640
!MESSAGE The python client still hasn't connected back to the eclipse java vm (will retry...)
!STACK 0
java.lang.RuntimeException: The python client still hasn't connected back to the eclipse java vm (will retry...)
	at org.python.pydev.core.log.Log.log(Log.java:33)
	at org.python.pydev.ast.codecompletion.shell.AbstractShell.startIt(AbstractShell.java:335)
	at org.python.pydev.ast.codecompletion.shell.ShellsContainer.getServerShell(ShellsContainer.java:235)
	at org.python.pydev.ast.codecompletion.shell.ShellsContainer.getServerShell(ShellsContainer.java:167)
	at org.python.pydev.ast.codecompletion.shell.AbstractShell.getServerShell(AbstractShell.java:223)
	at org.python.pydev.ast.codecompletion.revisited.modules.CompiledModule.createInnerFromServer(CompiledModule.java:344)
	at org.python.pydev.ast.codecompletion.revisited.modules.CompiledModule.getGlobalTokens(CompiledModule.java:545)
	at org.python.pydev.ast.codecompletion.revisited.AbstractASTManager.internalGenerateGetCompletionsForModule(AbstractASTManager.java:872)
	at org.python.pydev.ast.codecompletion.revisited.AbstractASTManager.getCompletionsForModule(AbstractASTManager.java:694)
	at org.python.pydev.ast.codecompletion.revisited.AbstractASTManager.getCompletionsForModule(AbstractASTManager.java:663)
	at org.python.pydev.ast.codecompletion.revisited.AbstractASTManager.getCompletionsForModule(AbstractASTManager.java:654)
	at org.python.pydev.ast.codecompletion.revisited.AbstractASTManager.getCompletionsForModule(AbstractASTManager.java:644)
	at org.python.pydev.ast.codecompletion.revisited.AbstractASTManager.internalGenerateGetCompletionsForModule(AbstractASTManager.java:880)
	at org.python.pydev.ast.codecompletion.revisited.AbstractASTManager.getCompletionsForModule(AbstractASTManager.java:694)
	at org.python.pydev.ast.codecompletion.revisited.AbstractASTManager.getCompletionsForModule(AbstractASTManager.java:663)
	at org.python.pydev.ast.codecompletion.revisited.AbstractASTManager.getCompletionsForModule(AbstractASTManager.java:654)
	at org.python.pydev.ast.codecompletion.revisited.AbstractASTManager.getCompletionsForModule(AbstractASTManager.java:644)
	at org.python.pydev.ast.codecompletion.revisited.AbstractASTManager.findTokensOnImportedMods(AbstractASTManager.java:2021)
	at org.python.pydev.ast.codecompletion.revisited.AbstractASTManager.internalGenerateGetCompletionsForModule(AbstractASTManager.java:836)
	at org.python.pydev.ast.codecompletion.revisited.AbstractASTManager.getCompletionsForModule(AbstractASTManager.java:694)
	at org.python.pydev.ast.codecompletion.revisited.AbstractASTManager.getCompletionsForModule(AbstractASTManager.java:663)
	at org.python.pydev.ast.codecompletion.revisited.AbstractASTManager.getCompletionsForModule(AbstractASTManager.java:654)
	at org.python.pydev.ast.codecompletion.revisited.modules.AbstractModule.internalGenerateCachedTokens(AbstractModule.java:219)
	at org.python.pydev.ast.codecompletion.revisited.modules.AbstractModule.getCachedCompletions(AbstractModule.java:190)
	at org.python.pydev.ast.codecompletion.revisited.modules.AbstractModule.isInGlobalTokens(AbstractModule.java:142)
	at com.python.pydev.analysis.scopeanalysis.AbstractScopeAnalyzerVisitor.markRead(AbstractScopeAnalyzerVisitor.java:1206)
	at com.python.pydev.analysis.scopeanalysis.AbstractScopeAnalyzerVisitor.visitAttribute(AbstractScopeAnalyzerVisitor.java:722)
	at org.python.pydev.parser.jython.ast.Attribute.accept(Attribute.java:87)
	at org.python.pydev.parser.jython.ast.Subscript.traverse(Subscript.java:93)
	at com.python.pydev.analysis.scopeanalysis.AbstractScopeAnalyzerVisitor.traverse(AbstractScopeAnalyzerVisitor.java:197)
	at com.python.pydev.analysis.visitors.OccurrencesVisitor.traverse(OccurrencesVisitor.java:395)
	at org.python.pydev.parser.jython.ast.VisitorBase.visitSubscript(VisitorBase.java:310)
	at org.python.pydev.parser.jython.ast.Subscript.accept(Subscript.java:87)
	at com.python.pydev.analysis.scopeanalysis.AbstractScopeAnalyzerVisitor.visitAssign(AbstractScopeAnalyzerVisitor.java:848)
	at com.python.pydev.analysis.visitors.OccurrencesVisitor.visitAssign(OccurrencesVisitor.java:218)
	at org.python.pydev.parser.jython.ast.Assign.accept(Assign.java:97)
	at org.python.pydev.parser.jython.ast.TryExcept.traverse(TryExcept.java:113)
	at com.python.pydev.analysis.scopeanalysis.AbstractScopeAnalyzerVisitor.traverse(AbstractScopeAnalyzerVisitor.java:197)
	at com.python.pydev.analysis.visitors.OccurrencesVisitor.traverse(OccurrencesVisitor.java:395)
	at org.python.pydev.parser.jython.ast.VisitorBase.visitTryExcept(VisitorBase.java:118)
	at com.python.pydev.analysis.scopeanalysis.AbstractScopeAnalyzerVisitor.visitTryExcept(AbstractScopeAnalyzerVisitor.java:888)
	at org.python.pydev.parser.jython.ast.TryExcept.accept(TryExcept.java:105)
	at com.python.pydev.analysis.scopeanalysis.AbstractScopeAnalyzerVisitor.visitFunctionDef(AbstractScopeAnalyzerVisitor.java:432)
	at org.python.pydev.parser.jython.ast.FunctionDef.accept(FunctionDef.java:131)
	at org.python.pydev.parser.jython.ast.Module.traverse(Module.java:87)
	at com.python.pydev.analysis.scopeanalysis.AbstractScopeAnalyzerVisitor.traverse(AbstractScopeAnalyzerVisitor.java:197)
	at com.python.pydev.analysis.visitors.OccurrencesVisitor.traverse(OccurrencesVisitor.java:395)
	at org.python.pydev.parser.jython.ast.VisitorBase.visitModule(VisitorBase.java:10)
	at org.python.pydev.parser.jython.ast.Module.accept(Module.java:79)
	at com.python.pydev.analysis.OccurrencesAnalyzer.analyzeDocument(OccurrencesAnalyzer.java:60)
	at com.python.pydev.analysis.additionalinfo.builders.AnalysisBuilderRunnable.doAnalysis(AnalysisBuilderRunnable.java:304)
	at com.python.pydev.analysis.additionalinfo.builders.AbstractAnalysisBuilderRunnable.run(AbstractAnalysisBuilderRunnable.java:164)
	at org.python.pydev.core.concurrency.RunnableAsJobsPoolThread$1.run(RunnableAsJobsPoolThread.java:140)
	at org.eclipse.core.internal.jobs.Worker.run(Worker.java:60)

!ENTRY org.python.pydev.shared_core 4 4 2019-04-26 12:06:28.686
!MESSAGE Error checking for valid tokens (imports) for server
!STACK 0
org.python.pydev.core.structure.CompletionRecursionException: Stopping analysis: completion took too much time to complete. Max set to: 5000 millis. Current: 7021 millis. Note: this value may be changed in the code-completion preferences.
	at org.python.pydev.ast.codecompletion.revisited.CompletionState.checkMaxTimeForCompletion(CompletionState.java:291)
	at org.python.pydev.ast.codecompletion.revisited.CompletionStateWrapper.checkMaxTimeForCompletion(CompletionStateWrapper.java:99)
	at org.python.pydev.ast.codecompletion.revisited.AbstractASTManager.getAssignCompletions(AbstractASTManager.java:1646)
	at org.python.pydev.ast.codecompletion.revisited.AbstractASTManager.internalGenerateGetCompletionsForModule(AbstractASTManager.java:932)
	at org.python.pydev.ast.codecompletion.revisited.AbstractASTManager.getCompletionsForModule(AbstractASTManager.java:694)
	at org.python.pydev.ast.codecompletion.revisited.AbstractASTManager.getCompletionsForModule(AbstractASTManager.java:663)
	at org.python.pydev.ast.codecompletion.revisited.AbstractASTManager.getCompletionsForModule(AbstractASTManager.java:654)
	at org.python.pydev.ast.codecompletion.revisited.AbstractASTManager.getCompletionsForModule(AbstractASTManager.java:644)
	at org.python.pydev.ast.codecompletion.revisited.AbstractASTManager.internalGenerateGetCompletionsForModule(AbstractASTManager.java:880)
	at org.python.pydev.ast.codecompletion.revisited.AbstractASTManager.getCompletionsForModule(AbstractASTManager.java:694)
	at org.python.pydev.ast.codecompletion.revisited.AbstractASTManager.getCompletionsForModule(AbstractASTManager.java:663)
	at org.python.pydev.ast.codecompletion.revisited.AbstractASTManager.getCompletionsForModule(AbstractASTManager.java:654)
	at org.python.pydev.ast.codecompletion.revisited.AbstractASTManager.getCompletionsForModule(AbstractASTManager.java:644)
	at org.python.pydev.ast.codecompletion.revisited.AbstractASTManager.findTokensOnImportedMods(AbstractASTManager.java:2021)
	at org.python.pydev.ast.codecompletion.revisited.AbstractASTManager.internalGenerateGetCompletionsForModule(AbstractASTManager.java:836)
	at org.python.pydev.ast.codecompletion.revisited.AbstractASTManager.getCompletionsForModule(AbstractASTManager.java:694)
	at org.python.pydev.ast.codecompletion.revisited.AbstractASTManager.getCompletionsForModule(AbstractASTManager.java:663)
	at org.python.pydev.ast.codecompletion.revisited.AbstractASTManager.getCompletionsForModule(AbstractASTManager.java:654)
	at org.python.pydev.ast.codecompletion.revisited.modules.AbstractModule.internalGenerateCachedTokens(AbstractModule.java:219)
	at org.python.pydev.ast.codecompletion.revisited.modules.AbstractModule.getCachedCompletions(AbstractModule.java:190)
	at org.python.pydev.ast.codecompletion.revisited.modules.AbstractModule.isInGlobalTokens(AbstractModule.java:142)
	at com.python.pydev.analysis.scopeanalysis.AbstractScopeAnalyzerVisitor.markRead(AbstractScopeAnalyzerVisitor.java:1206)
	at com.python.pydev.analysis.scopeanalysis.AbstractScopeAnalyzerVisitor.visitAttribute(AbstractScopeAnalyzerVisitor.java:722)
	at org.python.pydev.parser.jython.ast.Attribute.accept(Attribute.java:87)
	at org.python.pydev.parser.jython.ast.Subscript.traverse(Subscript.java:93)
	at com.python.pydev.analysis.scopeanalysis.AbstractScopeAnalyzerVisitor.traverse(AbstractScopeAnalyzerVisitor.java:197)
	at com.python.pydev.analysis.visitors.OccurrencesVisitor.traverse(OccurrencesVisitor.java:395)
	at org.python.pydev.parser.jython.ast.VisitorBase.visitSubscript(VisitorBase.java:310)
	at org.python.pydev.parser.jython.ast.Subscript.accept(Subscript.java:87)
	at com.python.pydev.analysis.scopeanalysis.AbstractScopeAnalyzerVisitor.visitAssign(AbstractScopeAnalyzerVisitor.java:848)
	at com.python.pydev.analysis.visitors.OccurrencesVisitor.visitAssign(OccurrencesVisitor.java:218)
	at org.python.pydev.parser.jython.ast.Assign.accept(Assign.java:97)
	at org.python.pydev.parser.jython.ast.TryExcept.traverse(TryExcept.java:113)
	at com.python.pydev.analysis.scopeanalysis.AbstractScopeAnalyzerVisitor.traverse(AbstractScopeAnalyzerVisitor.java:197)
	at com.python.pydev.analysis.visitors.OccurrencesVisitor.traverse(OccurrencesVisitor.java:395)
	at org.python.pydev.parser.jython.ast.VisitorBase.visitTryExcept(VisitorBase.java:118)
	at com.python.pydev.analysis.scopeanalysis.AbstractScopeAnalyzerVisitor.visitTryExcept(AbstractScopeAnalyzerVisitor.java:888)
	at org.python.pydev.parser.jython.ast.TryExcept.accept(TryExcept.java:105)
	at com.python.pydev.analysis.scopeanalysis.AbstractScopeAnalyzerVisitor.visitFunctionDef(AbstractScopeAnalyzerVisitor.java:432)
	at org.python.pydev.parser.jython.ast.FunctionDef.accept(FunctionDef.java:131)
	at org.python.pydev.parser.jython.ast.Module.traverse(Module.java:87)
	at com.python.pydev.analysis.scopeanalysis.AbstractScopeAnalyzerVisitor.traverse(AbstractScopeAnalyzerVisitor.java:197)
	at com.python.pydev.analysis.visitors.OccurrencesVisitor.traverse(OccurrencesVisitor.java:395)
	at org.python.pydev.parser.jython.ast.VisitorBase.visitModule(VisitorBase.java:10)
	at org.python.pydev.parser.jython.ast.Module.accept(Module.java:79)
	at com.python.pydev.analysis.OccurrencesAnalyzer.analyzeDocument(OccurrencesAnalyzer.java:60)
	at com.python.pydev.analysis.additionalinfo.builders.AnalysisBuilderRunnable.doAnalysis(AnalysisBuilderRunnable.java:304)
	at com.python.pydev.analysis.additionalinfo.builders.AbstractAnalysisBuilderRunnable.run(AbstractAnalysisBuilderRunnable.java:164)
	at org.python.pydev.core.concurrency.RunnableAsJobsPoolThread$1.run(RunnableAsJobsPoolThread.java:140)
	at org.eclipse.core.internal.jobs.Worker.run(Worker.java:60)

!ENTRY org.brainwy.liclipsetext.shared_core 4 4 2019-04-26 12:06:30.285
!MESSAGE C:\Program Files\Brainwy\LiClipse 5.1.3\plugins\com.brainwy.liclipse.editor_5.1.3.201811082122\etc\4qmvtyrr78te7rv5njugg6x70 (The system cannot find the path specified)
!STACK 0
java.io.FileNotFoundException: C:\Program Files\Brainwy\LiClipse 5.1.3\plugins\com.brainwy.liclipse.editor_5.1.3.201811082122\etc\4qmvtyrr78te7rv5njugg6x70 (The system cannot find the path specified)
	at java.io.FileOutputStream.open0(Native Method)
	at java.io.FileOutputStream.open(FileOutputStream.java:270)
	at java.io.FileOutputStream.<init>(FileOutputStream.java:213)
	at java.io.FileOutputStream.<init>(FileOutputStream.java:162)
	at org.brainwy.liclipsetext.shared_core.io.FileUtils.writeBytesToFile(FileUtils.java:140)
	at org.brainwy.liclipsetext.shared_core.io.FileUtils.writeStrToFile(FileUtils.java:133)
	at com.brainwy.liclipse.editor.lic.CheckRegistered.run(CheckRegistered.java:146)
